#
# A fatal error has been detected by the Java Runtime Environment:
#
#  SIGSEGV (0xb) at pc=0x0000000000000000, pid=31922, tid=31950
#
# JRE version: OpenJDK Runtime Environment (11.0.7+10) (build 11.0.7+10-post-Ubuntu-2ubuntu218.04)
# Java VM: OpenJDK 64-Bit Server VM (11.0.7+10-post-Ubuntu-2ubuntu218.04, mixed mode, tiered, compressed oops, g1 gc, linux-amd64)
# Problematic frame:
# C  0x0000000000000000
#
# Core dump will be written. Default location: Core dumps may be processed with "/lib/systemd/systemd-coredump %P %u %g %s %t 9223372036854775808 %e" (or dumping to /home/maicon/Documents/projects/java/spirngbot/Java-Family-Finance/core.31922)
#
# If you would like to submit a bug report, please visit:
#   https://bugs.launchpad.net/ubuntu/+source/openjdk-lts
#

---------------  S U M M A R Y ------------

Command Line: -Dclassworlds.conf=/usr/share/maven/bin/m2.conf -Dmaven.home=/usr/share/maven -Dlibrary.jansi.path=/usr/share/maven/lib/jansi-native -Dmaven.multiModuleProjectDirectory=/home/maicon/Documents/projects/java/spirngbot/Java-Family-Finance org.codehaus.plexus.classworlds.launcher.Launcher test

Host: Intel(R) Core(TM) i7-4500U CPU @ 1.80GHz, 4 cores, 7G, Linux Mint 19.2 Tina
Time: Fri Jun 19 14:39:46 2020 -03 elapsed time: 5 seconds (0d 0h 0m 5s)

---------------  T H R E A D  ---------------

Current thread (0x00007f6fe0062000):  ConcurrentGCThread "G1 Conc#0" [stack: 0x00007f6fe412d000,0x00007f6fe422d000] [id=31950]

Stack: [0x00007f6fe412d000,0x00007f6fe422d000],  sp=0x00007f6fe422bc58,  free space=1019k

siginfo: si_signo: 11 (SIGSEGV), si_code: 1 (SEGV_MAPERR), si_addr: 0x0000000000000000

Register to memory mapping:

RAX=0x00007f6fe7d976c0: <offset 0x00000000013e46c0> in /usr/lib/jvm/java-11-openjdk-amd64/lib/server/libjvm.so at 0x00007f6fe69b3000
RBX=0x00007f6fe0063800 points into unknown readable memory: d8 ab c9 e7 6f 7f 00 00
RCX=0x0000000000007f6f is an unknown value
RDX=0x00000001001956e0 is pointing into metadata
RSP=0x00007f6fe422bc58 points into unknown readable memory: c8 75 0f e7 6f 7f 00 00
RBP=0x00007f6fe422bc90 points into unknown readable memory: c0 bc 22 e4 6f 7f 00 00
RSI=0x0000000085df68d0 is an oop: 
[error occurred during error reporting (printing register info), id 0xb, SIGSEGV (0xb) at pc=0x00007f6fe756b6fd]

Registers:
RAX=0x00007f6fe7d976c0, RBX=0x00007f6fe0063800, RCX=0x0000000000007f6f, RDX=0x00000001001956e0
RSP=0x00007f6fe422bc58, RBP=0x00007f6fe422bc90, RSI=0x0000000085df68d0, RDI=0x00007f6fe422bd30
R8 =0x0000000000005fb4, R9 =0x00007f6fc2177da0, R10=0x0000000000000001, R11=0x0000000085200000
R12=0x000000000ff9dc78, R13=0x0000000085df68d0, R14=0x00000001001956e0, R15=0x00007f6fe422bd30
RIP=0x0000000000000000, EFLAGS=0x0000000000010206, CSGSFS=0x002b000000000033, ERR=0x0000000000000014
  TRAPNO=0x000000000000000e

Top of Stack: (sp=0x00007f6fe422bc58)
0x00007f6fe422bc58:   00007f6fe70f75c8 000000000000000c
0x00007f6fe422bc68:   00007f6fe422bd20 000000000017ed1a
0x00007f6fe422bc78:   00007f6fe00577f8 0000000085df68d0
0x00007f6fe422bc88:   00007f6fe0063800 00007f6fe422bcc0 

Instructions: (pc=0x0000000000000000)
0xffffffffffffff00:   


Stack slot to memory mapping:
stack at sp + 0 slots: 0x00007f6fe70f75c8: <offset 0x00000000007445c8> in /usr/lib/jvm/java-11-openjdk-amd64/lib/server/libjvm.so at 0x00007f6fe69b3000
stack at sp + 1 slots: 0x000000000000000c is an unknown value
stack at sp + 2 slots: 0x00007f6fe422bd20 points into unknown readable memory: e0 77 05 e0 6f 7f 00 00
stack at sp + 3 slots: 0x000000000017ed1a is an unknown value
stack at sp + 4 slots: 0x00007f6fe00577f8 points into unknown readable memory: 00 00 20 85 00 00 00 00
stack at sp + 5 slots: 0x0000000085df68d0 is an oop: 
[error occurred during error reporting (inspecting top of stack), id 0xb, SIGSEGV (0xb) at pc=0x00007f6fe756b6fd]


---------------  P R O C E S S  ---------------

Threads class SMR info:
_java_thread_list=0x00007f6fe15869a0, length=12, elements={
0x00007f6fe0016800, 0x00007f6fe0144800, 0x00007f6fe0148800, 0x00007f6fe015e800,
0x00007f6fe0160800, 0x00007f6fe0162800, 0x00007f6fe0164800, 0x00007f6fe01e9800,
0x00007f6fe01fd800, 0x00007f6f90224000, 0x00007f6f98001000, 0x00007f6fe1584800
}

Java Threads: ( => current thread )
  0x00007f6fe0016800 JavaThread "main" [_thread_blocked, id=31947, stack(0x00007f6fe8b24000,0x00007f6fe8c25000)]
  0x00007f6fe0144800 JavaThread "Reference Handler" daemon [_thread_blocked, id=31954, stack(0x00007f6fb93f9000,0x00007f6fb94fa000)]
  0x00007f6fe0148800 JavaThread "Finalizer" daemon [_thread_blocked, id=31955, stack(0x00007f6fb92f8000,0x00007f6fb93f9000)]
  0x00007f6fe015e800 JavaThread "Signal Dispatcher" daemon [_thread_blocked, id=31956, stack(0x00007f6fb8f18000,0x00007f6fb9019000)]
  0x00007f6fe0160800 JavaThread "C2 CompilerThread0" daemon [_thread_in_native, id=31957, stack(0x00007f6fb8e17000,0x00007f6fb8f18000)]
  0x00007f6fe0162800 JavaThread "C1 CompilerThread0" daemon [_thread_blocked, id=31958, stack(0x00007f6fb8d16000,0x00007f6fb8e17000)]
  0x00007f6fe0164800 JavaThread "Sweeper thread" daemon [_thread_blocked, id=31959, stack(0x00007f6fb8c15000,0x00007f6fb8d16000)]
  0x00007f6fe01e9800 JavaThread "Service Thread" daemon [_thread_blocked, id=31960, stack(0x00007f6fb8b14000,0x00007f6fb8c15000)]
  0x00007f6fe01fd800 JavaThread "Common-Cleaner" daemon [_thread_blocked, id=31962, stack(0x00007f6fb8911000,0x00007f6fb8a12000)]
  0x00007f6f90224000 JavaThread "C2 CompilerThread1" daemon [_thread_in_native, id=31964, stack(0x00007f6fb80e6000,0x00007f6fb81e7000)]
  0x00007f6f98001000 JavaThread "Attach Listener" daemon [_thread_blocked, id=31965, stack(0x00007f6f7f4ff000,0x00007f6f7f600000)]
  0x00007f6fe1584800 JavaThread "Thread-1" daemon [_thread_blocked, id=31967, stack(0x00007f6f7e6fc000,0x00007f6f7e7fd000)]

Other Threads:
  0x00007f6fe013c800 VMThread "VM Thread" [stack: 0x00007f6fb94fc000,0x00007f6fb95fc000] [id=31953]
  0x00007f6fe01eb800 WatcherThread [stack: 0x00007f6fb8a14000,0x00007f6fb8b14000] [id=31961]
  0x00007f6fe002f000 GCTaskThread "GC Thread#0" [stack: 0x00007f6fe4b0c000,0x00007f6fe4c0c000] [id=31948]
  0x00007f6fac001000 GCTaskThread "GC Thread#1" [stack: 0x00007f6fb81e9000,0x00007f6fb82e9000] [id=31963]
  0x00007f6fac01b000 GCTaskThread "GC Thread#2" [stack: 0x00007f6f7f1ff000,0x00007f6f7f2ff000] [id=31966]
  0x00007f6fac05c800 GCTaskThread "GC Thread#3" [stack: 0x00007f6f7e5fc000,0x00007f6f7e6fc000] [id=31968]
  0x00007f6fe0060000 ConcurrentGCThread "G1 Main Marker" [stack: 0x00007f6fe422f000,0x00007f6fe432f000] [id=31949]
=>0x00007f6fe0062000 ConcurrentGCThread "G1 Conc#0" [stack: 0x00007f6fe412d000,0x00007f6fe422d000] [id=31950]
  0x00007f6fe00da000 ConcurrentGCThread "G1 Refine#0" [stack: 0x00007f6fb9f00000,0x00007f6fba000000] [id=31951]
  0x00007f6fe00dc000 ConcurrentGCThread "G1 Young RemSet Sampling" [stack: 0x00007f6fb9dfe000,0x00007f6fb9efe000] [id=31952]

Threads with active compile tasks:
C2 CompilerThread0   5108 6006       4       org.eclipse.sisu.inject.LocatedBeans$Itr::next (5 bytes)
C2 CompilerThread1   5108 5916       4       java.util.HashSet::<init> (16 bytes)

VM state:not at safepoint (normal execution)

VM Mutex/Monitor currently owned by a thread:  ([mutex/lock_event])
[0x00007f6fe0012f20] Heap_lock - owner thread: 0x00007f6fe0016800

Heap address: 0x0000000085200000, size: 1966 MB, Compressed Oops mode: 32-bit
Narrow klass base: 0x0000000000000000, Narrow klass shift: 3
Compressed class space size: 1073741824 Address: 0x0000000100000000

Heap:
 garbage-first heap   total 229376K, used 32922K [0x0000000085200000, 0x0000000100000000)
  region size 1024K, 4 young (4096K), 2 survivors (2048K)
 Metaspace       used 35324K, capacity 36148K, committed 36252K, reserved 1081344K
  class space    used 3699K, capacity 4019K, committed 4096K, reserved 1048576K
Heap Regions: E=young(eden), S=young(survivor), O=old, HS=humongous(starts), HC=humongous(continues), CS=collection set, F=free, A=archive, TAMS=top-at-mark-start (previous, next)
|   0|0x0000000085200000, 0x0000000085300000, 0x0000000085300000|100%| O|  |TAMS 0x0000000085300000, 0x0000000085300000| Untracked 
|   1|0x0000000085300000, 0x0000000085400000, 0x0000000085400000|100%| O|  |TAMS 0x0000000085400000, 0x0000000085400000| Untracked 
|   2|0x0000000085400000, 0x0000000085500000, 0x0000000085500000|100%| O|  |TAMS 0x00000000854efe00, 0x0000000085500000| Untracked 
|   3|0x0000000085500000, 0x0000000085600000, 0x0000000085600000|100%| O|  |TAMS 0x0000000085500000, 0x0000000085600000| Untracked 
|   4|0x0000000085600000, 0x0000000085700000, 0x0000000085700000|100%| O|  |TAMS 0x0000000085600000, 0x0000000085700000| Untracked 
|   5|0x0000000085700000, 0x0000000085800000, 0x0000000085800000|100%| O|  |TAMS 0x0000000085700000, 0x0000000085800000| Untracked 
|   6|0x0000000085800000, 0x0000000085900000, 0x0000000085900000|100%| O|  |TAMS 0x0000000085800000, 0x0000000085900000| Untracked 
|   7|0x0000000085900000, 0x0000000085a00000, 0x0000000085a00000|100%| O|  |TAMS 0x0000000085900000, 0x0000000085a00000| Untracked 
|   8|0x0000000085a00000, 0x0000000085b00000, 0x0000000085b00000|100%| O|  |TAMS 0x0000000085a00000, 0x0000000085b00000| Untracked 
|   9|0x0000000085b00000, 0x0000000085c00000, 0x0000000085c00000|100%| O|  |TAMS 0x0000000085b00000, 0x0000000085c00000| Untracked 
|  10|0x0000000085c00000, 0x0000000085d00000, 0x0000000085d00000|100%| O|  |TAMS 0x0000000085c00000, 0x0000000085d00000| Untracked 
|  11|0x0000000085d00000, 0x0000000085e00000, 0x0000000085e00000|100%| O|  |TAMS 0x0000000085d00000, 0x0000000085e00000| Untracked 
|  12|0x0000000085e00000, 0x0000000085f00000, 0x0000000085f00000|100%| O|  |TAMS 0x0000000085e00000, 0x0000000085f00000| Untracked 
|  13|0x0000000085f00000, 0x0000000086000000, 0x0000000086000000|100%| O|  |TAMS 0x0000000085f00000, 0x0000000086000000| Untracked 
|  14|0x0000000086000000, 0x0000000086100000, 0x0000000086100000|100%| O|  |TAMS 0x0000000086000000, 0x0000000086100000| Untracked 
|  15|0x0000000086100000, 0x0000000086200000, 0x0000000086200000|100%| O|  |TAMS 0x0000000086100000, 0x0000000086200000| Untracked 
|  16|0x0000000086200000, 0x0000000086300000, 0x0000000086300000|100%| O|  |TAMS 0x0000000086200000, 0x0000000086300000| Untracked 
|  17|0x0000000086300000, 0x0000000086400000, 0x0000000086400000|100%| O|  |TAMS 0x0000000086300000, 0x0000000086400000| Untracked 
|  18|0x0000000086400000, 0x0000000086500000, 0x0000000086500000|100%| O|  |TAMS 0x0000000086400000, 0x0000000086500000| Untracked 
|  19|0x0000000086500000, 0x0000000086600000, 0x0000000086600000|100%| O|  |TAMS 0x0000000086500000, 0x0000000086600000| Untracked 
|  20|0x0000000086600000, 0x0000000086700000, 0x0000000086700000|100%| O|  |TAMS 0x0000000086600000, 0x0000000086700000| Untracked 
|  21|0x0000000086700000, 0x0000000086800000, 0x0000000086800000|100%| O|  |TAMS 0x0000000086700000, 0x0000000086800000| Untracked 
|  22|0x0000000086800000, 0x0000000086900000, 0x0000000086900000|100%|HS|  |TAMS 0x0000000086800000, 0x0000000086900000| Complete 
|  23|0x0000000086900000, 0x0000000086a00000, 0x0000000086a00000|100%| O|  |TAMS 0x0000000086900000, 0x0000000086a00000| Untracked 
|  24|0x0000000086a00000, 0x0000000086b00000, 0x0000000086b00000|100%| O|  |TAMS 0x0000000086a00000, 0x0000000086b00000| Untracked 
|  25|0x0000000086b00000, 0x0000000086c00000, 0x0000000086c00000|100%| O|  |TAMS 0x0000000086b00000, 0x0000000086c00000| Untracked 
|  26|0x0000000086c00000, 0x0000000086d00000, 0x0000000086d00000|100%| O|  |TAMS 0x0000000086c00000, 0x0000000086d00000| Untracked 
|  27|0x0000000086d00000, 0x0000000086e00000, 0x0000000086e00000|100%| O|  |TAMS 0x0000000086d00000, 0x0000000086e00000| Untracked 
|  28|0x0000000086e00000, 0x0000000086f00000, 0x0000000086f00000|100%| O|  |TAMS 0x0000000086e00000, 0x0000000086f00000| Untracked 
|  29|0x0000000086f00000, 0x0000000086fb2800, 0x0000000087000000| 69%| O|  |TAMS 0x0000000086f00000, 0x0000000086fb2800| Untracked 
|  30|0x0000000087000000, 0x0000000087000000, 0x0000000087100000|  0%| F|  |TAMS 0x0000000087000000, 0x0000000087000000| Untracked 
|  31|0x0000000087100000, 0x0000000087100000, 0x0000000087200000|  0%| F|  |TAMS 0x0000000087100000, 0x0000000087100000| Untracked 
|  32|0x0000000087200000, 0x0000000087200000, 0x0000000087300000|  0%| F|  |TAMS 0x0000000087200000, 0x0000000087200000| Untracked 
|  33|0x0000000087300000, 0x0000000087300000, 0x0000000087400000|  0%| F|  |TAMS 0x0000000087300000, 0x0000000087300000| Untracked 
|  34|0x0000000087400000, 0x0000000087400000, 0x0000000087500000|  0%| F|  |TAMS 0x0000000087400000, 0x0000000087400000| Untracked 
|  35|0x0000000087500000, 0x0000000087500000, 0x0000000087600000|  0%| F|  |TAMS 0x0000000087500000, 0x0000000087500000| Untracked 
|  36|0x0000000087600000, 0x0000000087600000, 0x0000000087700000|  0%| F|  |TAMS 0x0000000087600000, 0x0000000087600000| Untracked 
|  37|0x0000000087700000, 0x0000000087700000, 0x0000000087800000|  0%| F|  |TAMS 0x0000000087700000, 0x0000000087700000| Untracked 
|  38|0x0000000087800000, 0x0000000087800000, 0x0000000087900000|  0%| F|  |TAMS 0x0000000087800000, 0x0000000087800000| Untracked 
|  39|0x0000000087900000, 0x0000000087900000, 0x0000000087a00000|  0%| F|  |TAMS 0x0000000087900000, 0x0000000087900000| Untracked 
|  40|0x0000000087a00000, 0x0000000087a00000, 0x0000000087b00000|  0%| F|  |TAMS 0x0000000087a00000, 0x0000000087a00000| Untracked 
|  41|0x0000000087b00000, 0x0000000087b00000, 0x0000000087c00000|  0%| F|  |TAMS 0x0000000087b00000, 0x0000000087b00000| Untracked 
|  42|0x0000000087c00000, 0x0000000087c00000, 0x0000000087d00000|  0%| F|  |TAMS 0x0000000087c00000, 0x0000000087c00000| Untracked 
|  43|0x0000000087d00000, 0x0000000087d00000, 0x0000000087e00000|  0%| F|  |TAMS 0x0000000087d00000, 0x0000000087d00000| Untracked 
|  44|0x0000000087e00000, 0x0000000087e00000, 0x0000000087f00000|  0%| F|  |TAMS 0x0000000087e00000, 0x0000000087e00000| Untracked 
|  45|0x0000000087f00000, 0x0000000087f00000, 0x0000000088000000|  0%| F|  |TAMS 0x0000000087f00000, 0x0000000087f00000| Untracked 
|  46|0x0000000088000000, 0x0000000088000000, 0x0000000088100000|  0%| F|  |TAMS 0x0000000088000000, 0x0000000088000000| Untracked 
|  47|0x0000000088100000, 0x0000000088100000, 0x0000000088200000|  0%| F|  |TAMS 0x0000000088100000, 0x0000000088100000| Untracked 
|  48|0x0000000088200000, 0x0000000088200000, 0x0000000088300000|  0%| F|  |TAMS 0x0000000088200000, 0x0000000088200000| Untracked 
|  49|0x0000000088300000, 0x0000000088300000, 0x0000000088400000|  0%| F|  |TAMS 0x0000000088300000, 0x0000000088300000| Untracked 
|  50|0x0000000088400000, 0x0000000088400000, 0x0000000088500000|  0%| F|  |TAMS 0x0000000088400000, 0x0000000088400000| Untracked 
|  51|0x0000000088500000, 0x0000000088500000, 0x0000000088600000|  0%| F|  |TAMS 0x0000000088500000, 0x0000000088500000| Untracked 
|  52|0x0000000088600000, 0x0000000088600000, 0x0000000088700000|  0%| F|  |TAMS 0x0000000088600000, 0x0000000088600000| Untracked 
|  53|0x0000000088700000, 0x0000000088700000, 0x0000000088800000|  0%| F|  |TAMS 0x0000000088700000, 0x0000000088700000| Untracked 
|  54|0x0000000088800000, 0x0000000088800000, 0x0000000088900000|  0%| F|  |TAMS 0x0000000088800000, 0x0000000088800000| Untracked 
|  55|0x0000000088900000, 0x0000000088900000, 0x0000000088a00000|  0%| F|  |TAMS 0x0000000088900000, 0x0000000088900000| Untracked 
|  56|0x0000000088a00000, 0x0000000088a00000, 0x0000000088b00000|  0%| F|  |TAMS 0x0000000088a00000, 0x0000000088a00000| Untracked 
|  57|0x0000000088b00000, 0x0000000088b00000, 0x0000000088c00000|  0%| F|  |TAMS 0x0000000088b00000, 0x0000000088b00000| Untracked 
|  58|0x0000000088c00000, 0x0000000088c00000, 0x0000000088d00000|  0%| F|  |TAMS 0x0000000088c00000, 0x0000000088c00000| Untracked 
|  59|0x0000000088d00000, 0x0000000088d00000, 0x0000000088e00000|  0%| F|  |TAMS 0x0000000088d00000, 0x0000000088d00000| Untracked 
|  60|0x0000000088e00000, 0x0000000088e00000, 0x0000000088f00000|  0%| F|  |TAMS 0x0000000088e00000, 0x0000000088e00000| Untracked 
|  61|0x0000000088f00000, 0x0000000088f00000, 0x0000000089000000|  0%| F|  |TAMS 0x0000000088f00000, 0x0000000088f00000| Untracked 
|  62|0x0000000089000000, 0x0000000089000000, 0x0000000089100000|  0%| F|  |TAMS 0x0000000089000000, 0x0000000089000000| Untracked 
|  63|0x0000000089100000, 0x0000000089100000, 0x0000000089200000|  0%| F|  |TAMS 0x0000000089100000, 0x0000000089100000| Untracked 
|  64|0x0000000089200000, 0x0000000089200000, 0x0000000089300000|  0%| F|  |TAMS 0x0000000089200000, 0x0000000089200000| Untracked 
|  65|0x0000000089300000, 0x0000000089300000, 0x0000000089400000|  0%| F|  |TAMS 0x0000000089300000, 0x0000000089300000| Untracked 
|  66|0x0000000089400000, 0x0000000089400000, 0x0000000089500000|  0%| F|  |TAMS 0x0000000089400000, 0x0000000089400000| Untracked 
|  67|0x0000000089500000, 0x0000000089500000, 0x0000000089600000|  0%| F|  |TAMS 0x0000000089500000, 0x0000000089500000| Untracked 
|  68|0x0000000089600000, 0x0000000089600000, 0x0000000089700000|  0%| F|  |TAMS 0x0000000089600000, 0x0000000089600000| Untracked 
|  69|0x0000000089700000, 0x0000000089700000, 0x0000000089800000|  0%| F|  |TAMS 0x0000000089700000, 0x0000000089700000| Untracked 
|  70|0x0000000089800000, 0x0000000089800000, 0x0000000089900000|  0%| F|  |TAMS 0x0000000089800000, 0x0000000089800000| Untracked 
|  71|0x0000000089900000, 0x0000000089900000, 0x0000000089a00000|  0%| F|  |TAMS 0x0000000089900000, 0x0000000089900000| Untracked 
|  72|0x0000000089a00000, 0x0000000089a00000, 0x0000000089b00000|  0%| F|  |TAMS 0x0000000089a00000, 0x0000000089a00000| Untracked 
|  73|0x0000000089b00000, 0x0000000089b00000, 0x0000000089c00000|  0%| F|  |TAMS 0x0000000089b00000, 0x0000000089b00000| Untracked 
|  74|0x0000000089c00000, 0x0000000089c00000, 0x0000000089d00000|  0%| F|  |TAMS 0x0000000089c00000, 0x0000000089c00000| Untracked 
|  75|0x0000000089d00000, 0x0000000089d00000, 0x0000000089e00000|  0%| F|  |TAMS 0x0000000089d00000, 0x0000000089d00000| Untracked 
|  76|0x0000000089e00000, 0x0000000089e00000, 0x0000000089f00000|  0%| F|  |TAMS 0x0000000089e00000, 0x0000000089e00000| Untracked 
|  77|0x0000000089f00000, 0x0000000089f00000, 0x000000008a000000|  0%| F|  |TAMS 0x0000000089f00000, 0x0000000089f00000| Untracked 
|  78|0x000000008a000000, 0x000000008a000000, 0x000000008a100000|  0%| F|  |TAMS 0x000000008a000000, 0x000000008a000000| Untracked 
|  79|0x000000008a100000, 0x000000008a100000, 0x000000008a200000|  0%| F|  |TAMS 0x000000008a100000, 0x000000008a100000| Untracked 
|  80|0x000000008a200000, 0x000000008a200000, 0x000000008a300000|  0%| F|  |TAMS 0x000000008a200000, 0x000000008a200000| Untracked 
|  81|0x000000008a300000, 0x000000008a300000, 0x000000008a400000|  0%| F|  |TAMS 0x000000008a300000, 0x000000008a300000| Untracked 
|  82|0x000000008a400000, 0x000000008a400000, 0x000000008a500000|  0%| F|  |TAMS 0x000000008a400000, 0x000000008a400000| Untracked 
|  83|0x000000008a500000, 0x000000008a500000, 0x000000008a600000|  0%| F|  |TAMS 0x000000008a500000, 0x000000008a500000| Untracked 
|  84|0x000000008a600000, 0x000000008a600000, 0x000000008a700000|  0%| F|  |TAMS 0x000000008a600000, 0x000000008a600000| Untracked 
|  85|0x000000008a700000, 0x000000008a700000, 0x000000008a800000|  0%| F|  |TAMS 0x000000008a700000, 0x000000008a700000| Untracked 
|  86|0x000000008a800000, 0x000000008a800000, 0x000000008a900000|  0%| F|  |TAMS 0x000000008a800000, 0x000000008a800000| Untracked 
|  87|0x000000008a900000, 0x000000008a900000, 0x000000008aa00000|  0%| F|  |TAMS 0x000000008a900000, 0x000000008a900000| Untracked 
|  88|0x000000008aa00000, 0x000000008aa00000, 0x000000008ab00000|  0%| F|  |TAMS 0x000000008aa00000, 0x000000008aa00000| Untracked 
|  89|0x000000008ab00000, 0x000000008ab00000, 0x000000008ac00000|  0%| F|  |TAMS 0x000000008ab00000, 0x000000008ab00000| Untracked 
|  90|0x000000008ac00000, 0x000000008ac00000, 0x000000008ad00000|  0%| F|  |TAMS 0x000000008ac00000, 0x000000008ac00000| Untracked 
|  91|0x000000008ad00000, 0x000000008ad00000, 0x000000008ae00000|  0%| F|  |TAMS 0x000000008ad00000, 0x000000008ad00000| Untracked 
|  92|0x000000008ae00000, 0x000000008ae00000, 0x000000008af00000|  0%| F|  |TAMS 0x000000008ae00000, 0x000000008ae00000| Untracked 
|  93|0x000000008af00000, 0x000000008af00000, 0x000000008b000000|  0%| F|  |TAMS 0x000000008af00000, 0x000000008af00000| Untracked 
|  94|0x000000008b000000, 0x000000008b000000, 0x000000008b100000|  0%| F|  |TAMS 0x000000008b000000, 0x000000008b000000| Untracked 
|  95|0x000000008b100000, 0x000000008b100000, 0x000000008b200000|  0%| F|  |TAMS 0x000000008b100000, 0x000000008b100000| Untracked 
|  96|0x000000008b200000, 0x000000008b200000, 0x000000008b300000|  0%| F|  |TAMS 0x000000008b200000, 0x000000008b200000| Untracked 
|  97|0x000000008b300000, 0x000000008b300000, 0x000000008b400000|  0%| F|  |TAMS 0x000000008b300000, 0x000000008b300000| Untracked 
|  98|0x000000008b400000, 0x000000008b400000, 0x000000008b500000|  0%| F|  |TAMS 0x000000008b400000, 0x000000008b400000| Untracked 
|  99|0x000000008b500000, 0x000000008b500000, 0x000000008b600000|  0%| F|  |TAMS 0x000000008b500000, 0x000000008b500000| Untracked 
| 100|0x000000008b600000, 0x000000008b600000, 0x000000008b700000|  0%| F|  |TAMS 0x000000008b600000, 0x000000008b600000| Untracked 
| 101|0x000000008b700000, 0x000000008b700000, 0x000000008b800000|  0%| F|  |TAMS 0x000000008b700000, 0x000000008b700000| Untracked 
| 102|0x000000008b800000, 0x000000008b800000, 0x000000008b900000|  0%| F|  |TAMS 0x000000008b800000, 0x000000008b800000| Untracked 
| 103|0x000000008b900000, 0x000000008b900000, 0x000000008ba00000|  0%| F|  |TAMS 0x000000008b900000, 0x000000008b900000| Untracked 
| 104|0x000000008ba00000, 0x000000008ba00000, 0x000000008bb00000|  0%| F|  |TAMS 0x000000008ba00000, 0x000000008ba00000| Untracked 
| 105|0x000000008bb00000, 0x000000008bb00000, 0x000000008bc00000|  0%| F|  |TAMS 0x000000008bb00000, 0x000000008bb00000| Untracked 
| 106|0x000000008bc00000, 0x000000008bc00000, 0x000000008bd00000|  0%| F|  |TAMS 0x000000008bc00000, 0x000000008bc00000| Untracked 
| 107|0x000000008bd00000, 0x000000008bd00000, 0x000000008be00000|  0%| F|  |TAMS 0x000000008bd00000, 0x000000008bd00000| Untracked 
| 108|0x000000008be00000, 0x000000008be00000, 0x000000008bf00000|  0%| F|  |TAMS 0x000000008be00000, 0x000000008be00000| Untracked 
| 109|0x000000008bf00000, 0x000000008bf00000, 0x000000008c000000|  0%| F|  |TAMS 0x000000008bf00000, 0x000000008bf00000| Untracked 
| 110|0x000000008c000000, 0x000000008c000000, 0x000000008c100000|  0%| F|  |TAMS 0x000000008c000000, 0x000000008c000000| Untracked 
| 111|0x000000008c100000, 0x000000008c100000, 0x000000008c200000|  0%| F|  |TAMS 0x000000008c100000, 0x000000008c100000| Untracked 
| 112|0x000000008c200000, 0x000000008c200000, 0x000000008c300000|  0%| F|  |TAMS 0x000000008c200000, 0x000000008c200000| Untracked 
| 113|0x000000008c300000, 0x000000008c300000, 0x000000008c400000|  0%| F|  |TAMS 0x000000008c300000, 0x000000008c300000| Untracked 
| 114|0x000000008c400000, 0x000000008c400000, 0x000000008c500000|  0%| F|  |TAMS 0x000000008c400000, 0x000000008c400000| Untracked 
| 115|0x000000008c500000, 0x000000008c500000, 0x000000008c600000|  0%| F|  |TAMS 0x000000008c500000, 0x000000008c500000| Untracked 
| 116|0x000000008c600000, 0x000000008c600000, 0x000000008c700000|  0%| F|  |TAMS 0x000000008c600000, 0x000000008c600000| Untracked 
| 117|0x000000008c700000, 0x000000008c700000, 0x000000008c800000|  0%| F|  |TAMS 0x000000008c700000, 0x000000008c700000| Untracked 
| 118|0x000000008c800000, 0x000000008c800000, 0x000000008c900000|  0%| F|  |TAMS 0x000000008c800000, 0x000000008c800000| Untracked 
| 119|0x000000008c900000, 0x000000008c900000, 0x000000008ca00000|  0%| F|  |TAMS 0x000000008c900000, 0x000000008c900000| Untracked 
| 120|0x000000008ca00000, 0x000000008ca00000, 0x000000008cb00000|  0%| F|  |TAMS 0x000000008ca00000, 0x000000008ca00000| Untracked 
| 121|0x000000008cb00000, 0x000000008cb00000, 0x000000008cc00000|  0%| F|  |TAMS 0x000000008cb00000, 0x000000008cb00000| Untracked 
| 122|0x000000008cc00000, 0x000000008cc00000, 0x000000008cd00000|  0%| F|  |TAMS 0x000000008cc00000, 0x000000008cc00000| Untracked 
| 123|0x000000008cd00000, 0x000000008cd00000, 0x000000008ce00000|  0%| F|  |TAMS 0x000000008cd00000, 0x000000008cd00000| Untracked 
| 124|0x000000008ce00000, 0x000000008ce00000, 0x000000008cf00000|  0%| F|  |TAMS 0x000000008ce00000, 0x000000008ce00000| Untracked 
| 125|0x000000008cf00000, 0x000000008cf00000, 0x000000008d000000|  0%| F|  |TAMS 0x000000008cf00000, 0x000000008cf00000| Untracked 
| 126|0x000000008d000000, 0x000000008d000000, 0x000000008d100000|  0%| F|  |TAMS 0x000000008d000000, 0x000000008d000000| Untracked 
| 127|0x000000008d100000, 0x000000008d100000, 0x000000008d200000|  0%| F|  |TAMS 0x000000008d100000, 0x000000008d100000| Untracked 
| 128|0x000000008d200000, 0x000000008d200000, 0x000000008d300000|  0%| F|  |TAMS 0x000000008d200000, 0x000000008d200000| Untracked 
| 129|0x000000008d300000, 0x000000008d300000, 0x000000008d400000|  0%| F|  |TAMS 0x000000008d300000, 0x000000008d300000| Untracked 
| 130|0x000000008d400000, 0x000000008d400000, 0x000000008d500000|  0%| F|  |TAMS 0x000000008d400000, 0x000000008d400000| Untracked 
| 131|0x000000008d500000, 0x000000008d500000, 0x000000008d600000|  0%| F|  |TAMS 0x000000008d500000, 0x000000008d500000| Untracked 
| 132|0x000000008d600000, 0x000000008d600000, 0x000000008d700000|  0%| F|  |TAMS 0x000000008d600000, 0x000000008d600000| Untracked 
| 133|0x000000008d700000, 0x000000008d700000, 0x000000008d800000|  0%| F|  |TAMS 0x000000008d700000, 0x000000008d700000| Untracked 
| 134|0x000000008d800000, 0x000000008d800000, 0x000000008d900000|  0%| F|  |TAMS 0x000000008d800000, 0x000000008d800000| Untracked 
| 135|0x000000008d900000, 0x000000008d900000, 0x000000008da00000|  0%| F|  |TAMS 0x000000008d900000, 0x000000008d900000| Untracked 
| 136|0x000000008da00000, 0x000000008da00000, 0x000000008db00000|  0%| F|  |TAMS 0x000000008da00000, 0x000000008da00000| Untracked 
| 137|0x000000008db00000, 0x000000008db00000, 0x000000008dc00000|  0%| F|  |TAMS 0x000000008db00000, 0x000000008db00000| Untracked 
| 138|0x000000008dc00000, 0x000000008dc00000, 0x000000008dd00000|  0%| F|  |TAMS 0x000000008dc00000, 0x000000008dc00000| Untracked 
| 139|0x000000008dd00000, 0x000000008dd00000, 0x000000008de00000|  0%| F|  |TAMS 0x000000008dd00000, 0x000000008dd00000| Untracked 
| 140|0x000000008de00000, 0x000000008de00000, 0x000000008df00000|  0%| F|  |TAMS 0x000000008de00000, 0x000000008de00000| Untracked 
| 141|0x000000008df00000, 0x000000008df00000, 0x000000008e000000|  0%| F|  |TAMS 0x000000008df00000, 0x000000008df00000| Untracked 
| 142|0x000000008e000000, 0x000000008e000000, 0x000000008e100000|  0%| F|  |TAMS 0x000000008e000000, 0x000000008e000000| Untracked 
| 143|0x000000008e100000, 0x000000008e100000, 0x000000008e200000|  0%| F|  |TAMS 0x000000008e100000, 0x000000008e100000| Untracked 
| 144|0x000000008e200000, 0x000000008e200000, 0x000000008e300000|  0%| F|  |TAMS 0x000000008e200000, 0x000000008e200000| Untracked 
| 145|0x000000008e300000, 0x000000008e300000, 0x000000008e400000|  0%| F|  |TAMS 0x000000008e300000, 0x000000008e300000| Untracked 
| 146|0x000000008e400000, 0x000000008e400000, 0x000000008e500000|  0%| F|  |TAMS 0x000000008e400000, 0x000000008e400000| Untracked 
| 147|0x000000008e500000, 0x000000008e500000, 0x000000008e600000|  0%| F|  |TAMS 0x000000008e500000, 0x000000008e500000| Untracked 
| 148|0x000000008e600000, 0x000000008e600000, 0x000000008e700000|  0%| F|  |TAMS 0x000000008e600000, 0x000000008e600000| Untracked 
| 149|0x000000008e700000, 0x000000008e700000, 0x000000008e800000|  0%| F|  |TAMS 0x000000008e700000, 0x000000008e700000| Untracked 
| 150|0x000000008e800000, 0x000000008e800000, 0x000000008e900000|  0%| F|  |TAMS 0x000000008e800000, 0x000000008e800000| Untracked 
| 151|0x000000008e900000, 0x000000008e900000, 0x000000008ea00000|  0%| F|  |TAMS 0x000000008e900000, 0x000000008e900000| Untracked 
| 152|0x000000008ea00000, 0x000000008ea00000, 0x000000008eb00000|  0%| F|  |TAMS 0x000000008ea00000, 0x000000008ea00000| Untracked 
| 153|0x000000008eb00000, 0x000000008eb00000, 0x000000008ec00000|  0%| F|  |TAMS 0x000000008eb00000, 0x000000008eb00000| Untracked 
| 154|0x000000008ec00000, 0x000000008ec00000, 0x000000008ed00000|  0%| F|  |TAMS 0x000000008ec00000, 0x000000008ec00000| Untracked 
| 155|0x000000008ed00000, 0x000000008ed00000, 0x000000008ee00000|  0%| F|  |TAMS 0x000000008ed00000, 0x000000008ed00000| Untracked 
| 156|0x000000008ee00000, 0x000000008ee00000, 0x000000008ef00000|  0%| F|  |TAMS 0x000000008ee00000, 0x000000008ee00000| Untracked 
| 157|0x000000008ef00000, 0x000000008ef00000, 0x000000008f000000|  0%| F|  |TAMS 0x000000008ef00000, 0x000000008ef00000| Untracked 
| 158|0x000000008f000000, 0x000000008f000000, 0x000000008f100000|  0%| F|  |TAMS 0x000000008f000000, 0x000000008f000000| Untracked 
| 159|0x000000008f100000, 0x000000008f100000, 0x000000008f200000|  0%| F|  |TAMS 0x000000008f100000, 0x000000008f100000| Untracked 
| 160|0x000000008f200000, 0x000000008f200000, 0x000000008f300000|  0%| F|  |TAMS 0x000000008f200000, 0x000000008f200000| Untracked 
| 161|0x000000008f300000, 0x000000008f300000, 0x000000008f400000|  0%| F|  |TAMS 0x000000008f300000, 0x000000008f300000| Untracked 
| 162|0x000000008f400000, 0x000000008f400000, 0x000000008f500000|  0%| F|  |TAMS 0x000000008f400000, 0x000000008f400000| Untracked 
| 163|0x000000008f500000, 0x000000008f500000, 0x000000008f600000|  0%| F|  |TAMS 0x000000008f500000, 0x000000008f500000| Untracked 
| 164|0x000000008f600000, 0x000000008f600000, 0x000000008f700000|  0%| F|  |TAMS 0x000000008f600000, 0x000000008f600000| Untracked 
| 165|0x000000008f700000, 0x000000008f700000, 0x000000008f800000|  0%| F|  |TAMS 0x000000008f700000, 0x000000008f700000| Untracked 
| 166|0x000000008f800000, 0x000000008f800000, 0x000000008f900000|  0%| F|  |TAMS 0x000000008f800000, 0x000000008f800000| Untracked 
| 167|0x000000008f900000, 0x000000008f900000, 0x000000008fa00000|  0%| F|  |TAMS 0x000000008f900000, 0x000000008f900000| Untracked 
| 168|0x000000008fa00000, 0x000000008fa00000, 0x000000008fb00000|  0%| F|  |TAMS 0x000000008fa00000, 0x000000008fa00000| Untracked 
| 169|0x000000008fb00000, 0x000000008fb00000, 0x000000008fc00000|  0%| F|  |TAMS 0x000000008fb00000, 0x000000008fb00000| Untracked 
| 170|0x000000008fc00000, 0x000000008fc00000, 0x000000008fd00000|  0%| F|  |TAMS 0x000000008fc00000, 0x000000008fc00000| Untracked 
| 171|0x000000008fd00000, 0x000000008fd00000, 0x000000008fe00000|  0%| F|  |TAMS 0x000000008fd00000, 0x000000008fd00000| Untracked 
| 172|0x000000008fe00000, 0x000000008fe00000, 0x000000008ff00000|  0%| F|  |TAMS 0x000000008fe00000, 0x000000008fe00000| Untracked 
| 173|0x000000008ff00000, 0x000000008ff00000, 0x0000000090000000|  0%| F|  |TAMS 0x000000008ff00000, 0x000000008ff00000| Untracked 
| 174|0x0000000090000000, 0x0000000090000000, 0x0000000090100000|  0%| F|  |TAMS 0x0000000090000000, 0x0000000090000000| Untracked 
| 175|0x0000000090100000, 0x0000000090100000, 0x0000000090200000|  0%| F|  |TAMS 0x0000000090100000, 0x0000000090100000| Untracked 
| 176|0x0000000090200000, 0x0000000090200000, 0x0000000090300000|  0%| F|  |TAMS 0x0000000090200000, 0x0000000090200000| Untracked 
| 177|0x0000000090300000, 0x0000000090300000, 0x0000000090400000|  0%| F|  |TAMS 0x0000000090300000, 0x0000000090300000| Untracked 
| 178|0x0000000090400000, 0x0000000090400000, 0x0000000090500000|  0%| F|  |TAMS 0x0000000090400000, 0x0000000090400000| Untracked 
| 179|0x0000000090500000, 0x0000000090500000, 0x0000000090600000|  0%| F|  |TAMS 0x0000000090500000, 0x0000000090500000| Untracked 
| 180|0x0000000090600000, 0x0000000090600000, 0x0000000090700000|  0%| F|  |TAMS 0x0000000090600000, 0x0000000090600000| Untracked 
| 181|0x0000000090700000, 0x0000000090700000, 0x0000000090800000|  0%| F|  |TAMS 0x0000000090700000, 0x0000000090700000| Untracked 
| 182|0x0000000090800000, 0x0000000090800000, 0x0000000090900000|  0%| F|  |TAMS 0x0000000090800000, 0x0000000090800000| Untracked 
| 183|0x0000000090900000, 0x0000000090900000, 0x0000000090a00000|  0%| F|  |TAMS 0x0000000090900000, 0x0000000090900000| Untracked 
| 184|0x0000000090a00000, 0x0000000090a00000, 0x0000000090b00000|  0%| F|  |TAMS 0x0000000090a00000, 0x0000000090a00000| Untracked 
| 185|0x0000000090b00000, 0x0000000090b00000, 0x0000000090c00000|  0%| F|  |TAMS 0x0000000090b00000, 0x0000000090b00000| Untracked 
| 186|0x0000000090c00000, 0x0000000090c00000, 0x0000000090d00000|  0%| F|  |TAMS 0x0000000090c00000, 0x0000000090c00000| Untracked 
| 187|0x0000000090d00000, 0x0000000090d00000, 0x0000000090e00000|  0%| F|  |TAMS 0x0000000090d00000, 0x0000000090d00000| Untracked 
| 188|0x0000000090e00000, 0x0000000090e00000, 0x0000000090f00000|  0%| F|  |TAMS 0x0000000090e00000, 0x0000000090e00000| Untracked 
| 189|0x0000000090f00000, 0x0000000090f00000, 0x0000000091000000|  0%| F|  |TAMS 0x0000000090f00000, 0x0000000090f00000| Untracked 
| 190|0x0000000091000000, 0x0000000091000000, 0x0000000091100000|  0%| F|  |TAMS 0x0000000091000000, 0x0000000091000000| Untracked 
| 191|0x0000000091100000, 0x0000000091100000, 0x0000000091200000|  0%| F|  |TAMS 0x0000000091100000, 0x0000000091100000| Untracked 
| 192|0x0000000091200000, 0x0000000091200000, 0x0000000091300000|  0%| F|  |TAMS 0x0000000091200000, 0x0000000091200000| Untracked 
| 193|0x0000000091300000, 0x0000000091300000, 0x0000000091400000|  0%| F|  |TAMS 0x0000000091300000, 0x0000000091300000| Untracked 
| 194|0x0000000091400000, 0x0000000091400000, 0x0000000091500000|  0%| F|  |TAMS 0x0000000091400000, 0x0000000091400000| Untracked 
| 195|0x0000000091500000, 0x0000000091500000, 0x0000000091600000|  0%| F|  |TAMS 0x0000000091500000, 0x0000000091500000| Untracked 
| 196|0x0000000091600000, 0x0000000091600000, 0x0000000091700000|  0%| F|  |TAMS 0x0000000091600000, 0x0000000091600000| Untracked 
| 197|0x0000000091700000, 0x0000000091700000, 0x0000000091800000|  0%| F|  |TAMS 0x0000000091700000, 0x0000000091700000| Untracked 
| 198|0x0000000091800000, 0x0000000091800000, 0x0000000091900000|  0%| F|  |TAMS 0x0000000091800000, 0x0000000091800000| Untracked 
| 199|0x0000000091900000, 0x0000000091900000, 0x0000000091a00000|  0%| F|  |TAMS 0x0000000091900000, 0x0000000091900000| Untracked 
| 200|0x0000000091a00000, 0x0000000091a00000, 0x0000000091b00000|  0%| F|  |TAMS 0x0000000091a00000, 0x0000000091a00000| Untracked 
| 201|0x0000000091b00000, 0x0000000091b00000, 0x0000000091c00000|  0%| F|  |TAMS 0x0000000091b00000, 0x0000000091b00000| Untracked 
| 202|0x0000000091c00000, 0x0000000091c00000, 0x0000000091d00000|  0%| F|  |TAMS 0x0000000091c00000, 0x0000000091c00000| Untracked 
| 203|0x0000000091d00000, 0x0000000091d00000, 0x0000000091e00000|  0%| F|  |TAMS 0x0000000091d00000, 0x0000000091d00000| Untracked 
| 204|0x0000000091e00000, 0x0000000091e00000, 0x0000000091f00000|  0%| F|  |TAMS 0x0000000091e00000, 0x0000000091e00000| Untracked 
| 205|0x0000000091f00000, 0x0000000091f00000, 0x0000000092000000|  0%| F|  |TAMS 0x0000000091f00000, 0x0000000091f00000| Untracked 
| 206|0x0000000092000000, 0x0000000092000000, 0x0000000092100000|  0%| F|  |TAMS 0x0000000092000000, 0x0000000092000000| Untracked 
| 207|0x0000000092100000, 0x0000000092174030, 0x0000000092200000| 45%| S|CS|TAMS 0x0000000092100000, 0x0000000092100000| Complete 
| 208|0x0000000092200000, 0x0000000092300000, 0x0000000092300000|100%| S|CS|TAMS 0x0000000092200000, 0x0000000092200000| Complete 
| 209|0x0000000092300000, 0x0000000092300000, 0x0000000092400000|  0%| F|  |TAMS 0x0000000092300000, 0x0000000092300000| Untracked 
| 210|0x0000000092400000, 0x0000000092400000, 0x0000000092500000|  0%| F|  |TAMS 0x0000000092400000, 0x0000000092400000| Untracked 
| 211|0x0000000092500000, 0x0000000092500000, 0x0000000092600000|  0%| F|  |TAMS 0x0000000092500000, 0x0000000092500000| Untracked 
| 212|0x0000000092600000, 0x0000000092600000, 0x0000000092700000|  0%| F|  |TAMS 0x0000000092600000, 0x0000000092600000| Untracked 
| 213|0x0000000092700000, 0x0000000092700000, 0x0000000092800000|  0%| F|  |TAMS 0x0000000092700000, 0x0000000092700000| Untracked 
| 214|0x0000000092800000, 0x0000000092800000, 0x0000000092900000|  0%| F|  |TAMS 0x0000000092800000, 0x0000000092800000| Untracked 
| 215|0x0000000092900000, 0x0000000092900000, 0x0000000092a00000|  0%| F|  |TAMS 0x0000000092900000, 0x0000000092900000| Untracked 
| 216|0x0000000092a00000, 0x0000000092a00000, 0x0000000092b00000|  0%| F|  |TAMS 0x0000000092a00000, 0x0000000092a00000| Untracked 
| 217|0x0000000092b00000, 0x0000000092b00000, 0x0000000092c00000|  0%| F|  |TAMS 0x0000000092b00000, 0x0000000092b00000| Untracked 
| 218|0x0000000092c00000, 0x0000000092c00000, 0x0000000092d00000|  0%| F|  |TAMS 0x0000000092c00000, 0x0000000092c00000| Untracked 
| 219|0x0000000092d00000, 0x0000000092d00000, 0x0000000092e00000|  0%| F|  |TAMS 0x0000000092d00000, 0x0000000092d00000| Untracked 
| 220|0x0000000092e00000, 0x0000000092e00000, 0x0000000092f00000|  0%| F|  |TAMS 0x0000000092e00000, 0x0000000092e00000| Untracked 
| 221|0x0000000092f00000, 0x0000000092f00000, 0x0000000093000000|  0%| F|  |TAMS 0x0000000092f00000, 0x0000000092f00000| Untracked 
| 222|0x0000000093000000, 0x00000000930892d0, 0x0000000093100000| 53%| E|  |TAMS 0x0000000093000000, 0x0000000093000000| Complete 
| 223|0x0000000093100000, 0x0000000093200000, 0x0000000093200000|100%| E|CS|TAMS 0x0000000093100000, 0x0000000093100000| Complete 

Card table byte_map: [0x00007f6fc8536000,0x00007f6fc890d000] _byte_map_base: 0x00007f6fc810d000

Marking Bits (Prev, Next): (CMBitMap*) 0x00007f6fe0057830, (CMBitMap*) 0x00007f6fe00577f8
 Prev Bits: [0x00007f6fc0290000, 0x00007f6fc2148000)
 Next Bits: [0x00007f6fc2148000, 0x00007f6fc4000000)

Polling page: 0x00007f6fe8c41000

Metaspace:

Usage:
  Non-class:     31,38 MB capacity,    30,88 MB ( 98%) used,   442,50 KB (  1%) free+waste,    61,44 KB ( <1%) overhead. 
      Class:      3,92 MB capacity,     3,61 MB ( 92%) used,   294,36 KB (  7%) free+waste,    25,44 KB ( <1%) overhead. 
       Both:     35,30 MB capacity,    34,50 MB ( 98%) used,   736,86 KB (  2%) free+waste,    86,88 KB ( <1%) overhead. 

Virtual space:
  Non-class space:       32,00 MB reserved,      31,40 MB ( 98%) committed 
      Class space:        1,00 GB reserved,       4,00 MB ( <1%) committed 
             Both:        1,03 GB reserved,      35,40 MB (  3%) committed 

Chunk freelists:
   Non-Class:  0 bytes
       Class:  13,00 KB
        Both:  13,00 KB

MaxMetaspaceSize: unlimited
CompressedClassSpaceSize: 1,00 GB

CodeHeap 'non-profiled nmethods': size=120032Kb used=2629Kb max_used=2629Kb free=117403Kb
 bounds [0x00007f6fd03d5000, 0x00007f6fd0675000, 0x00007f6fd790d000]
CodeHeap 'profiled nmethods': size=120032Kb used=12675Kb max_used=12847Kb free=107356Kb
 bounds [0x00007f6fc8e9d000, 0x00007f6fc9b3d000, 0x00007f6fd03d5000]
CodeHeap 'non-nmethods': size=5696Kb used=1123Kb max_used=1170Kb free=4572Kb
 bounds [0x00007f6fc890d000, 0x00007f6fc8b7d000, 0x00007f6fc8e9d000]
 total_blobs=7907 nmethods=5986 adapters=384
 compilation: enabled
              stopped_count=0, restarted_count=0
 full_count=0

Compilation events (20 events):
Event: 5,068 Thread 0x00007f6fe0162800 6098       2       jdk.internal.math.FDBigInteger::trimLeadingZeros (57 bytes)
Event: 5,068 Thread 0x00007f6fe0162800 nmethod 6098 0x00007f6fc8ea0b10 code [0x00007f6fc8ea0cc0, 0x00007f6fc8ea0ef0]
Event: 5,068 Thread 0x00007f6fe0162800 6099       2       jdk.internal.math.FDBigInteger::makeImmutable (6 bytes)
Event: 5,069 Thread 0x00007f6fe0162800 nmethod 6099 0x00007f6fc8ea0790 code [0x00007f6fc8ea0940, 0x00007f6fc8ea0a90]
Event: 5,077 Thread 0x00007f6f90224000 nmethod 5942 0x00007f6fd0656c90 code [0x00007f6fd0657100, 0x00007f6fd065a950]
Event: 5,077 Thread 0x00007f6fe0162800 6100       2       org.apache.maven.project.MavenProject::getProperties (8 bytes)
Event: 5,077 Thread 0x00007f6f90224000 5976       4       java.util.AbstractCollection::toArray (70 bytes)
Event: 5,078 Thread 0x00007f6fe0162800 nmethod 6100 0x00007f6fc8ea5610 code [0x00007f6fc8ea57e0, 0x00007f6fc8ea5a48]
Event: 5,078 Thread 0x00007f6fe0162800 6101   !   2       org.apache.maven.plugin.PluginParameterExpressionEvaluator::evaluate (1319 bytes)
Event: 5,079 Thread 0x00007f6fe0160800 nmethod 5966 0x00007f6fd065ca90 code [0x00007f6fd065d080, 0x00007f6fd0661510]
Event: 5,079 Thread 0x00007f6fe0160800 6018       4       java.lang.Integer::equals (29 bytes)
Event: 5,080 Thread 0x00007f6fe0160800 nmethod 6018 0x00007f6fd03d9110 code [0x00007f6fd03d92a0, 0x00007f6fd03d9338]
Event: 5,080 Thread 0x00007f6fe0160800 5945       4       java.util.ArrayList::toArray (12 bytes)
Event: 5,082 Thread 0x00007f6fe0160800 nmethod 5945 0x00007f6fd0412e10 code [0x00007f6fd0412fa0, 0x00007f6fd04131b8]
Event: 5,083 Thread 0x00007f6fe0160800 5944       4       org.codehaus.plexus.util.xml.pull.MXParser::nextTag (82 bytes)
Event: 5,090 Thread 0x00007f6fe0162800 nmethod 6101 0x00007f6fc9b28e90 code [0x00007f6fc9b29a60, 0x00007f6fc9b2dce8]
Event: 5,090 Thread 0x00007f6fe0162800 6102       2       java.lang.invoke.MethodTypeForm::pack (54 bytes)
Event: 5,091 Thread 0x00007f6fe0162800 nmethod 6102 0x00007f6fc8ea2810 code [0x00007f6fc8ea29c0, 0x00007f6fc8ea2b10]
Event: 5,091 Thread 0x00007f6fe0162800 6104       2       jdk.internal.org.objectweb.asm.ByteVector::put11 (52 bytes)
Event: 5,091 Thread 0x00007f6fe0162800 nmethod 6104 0x00007f6fc8ea6310 code [0x00007f6fc8ea64e0, 0x00007f6fc8ea66e8]

GC Heap History (20 events):
Event: 0,476 GC heap before
{Heap before GC invocations=0 (full 0):
 garbage-first heap   total 126976K, used 14336K [0x0000000085200000, 0x0000000100000000)
  region size 1024K, 14 young (14336K), 0 survivors (0K)
 Metaspace       used 10959K, capacity 11113K, committed 11392K, reserved 1058816K
  class space    used 1087K, capacity 1152K, committed 1152K, reserved 1048576K
}
Event: 0,482 GC heap after
{Heap after GC invocations=1 (full 0):
 garbage-first heap   total 126976K, used 3008K [0x0000000085200000, 0x0000000100000000)
  region size 1024K, 2 young (2048K), 2 survivors (2048K)
 Metaspace       used 10959K, capacity 11113K, committed 11392K, reserved 1058816K
  class space    used 1087K, capacity 1152K, committed 1152K, reserved 1048576K
}
Event: 0,632 GC heap before
{Heap before GC invocations=1 (full 0):
 garbage-first heap   total 126976K, used 13248K [0x0000000085200000, 0x0000000100000000)
  region size 1024K, 12 young (12288K), 2 survivors (2048K)
 Metaspace       used 12395K, capacity 12533K, committed 12672K, reserved 1060864K
  class space    used 1274K, capacity 1348K, committed 1408K, reserved 1048576K
}
Event: 0,637 GC heap after
{Heap after GC invocations=2 (full 0):
 garbage-first heap   total 126976K, used 3568K [0x0000000085200000, 0x0000000100000000)
  region size 1024K, 1 young (1024K), 1 survivors (1024K)
 Metaspace       used 12395K, capacity 12533K, committed 12672K, reserved 1060864K
  class space    used 1274K, capacity 1348K, committed 1408K, reserved 1048576K
}
Event: 1,074 GC heap before
{Heap before GC invocations=2 (full 0):
 garbage-first heap   total 126976K, used 32240K [0x0000000085200000, 0x0000000100000000)
  region size 1024K, 29 young (29696K), 1 survivors (1024K)
 Metaspace       used 17123K, capacity 17356K, committed 17664K, reserved 1064960K
  class space    used 1870K, capacity 1971K, committed 2048K, reserved 1048576K
}
Event: 1,078 GC heap after
{Heap after GC invocations=3 (full 0):
 garbage-first heap   total 126976K, used 4950K [0x0000000085200000, 0x0000000100000000)
  region size 1024K, 2 young (2048K), 2 survivors (2048K)
 Metaspace       used 17123K, capacity 17356K, committed 17664K, reserved 1064960K
  class space    used 1870K, capacity 1971K, committed 2048K, reserved 1048576K
}
Event: 1,650 GC heap before
{Heap before GC invocations=3 (full 0):
 garbage-first heap   total 126976K, used 34646K [0x0000000085200000, 0x0000000100000000)
  region size 1024K, 32 young (32768K), 2 survivors (2048K)
 Metaspace       used 20910K, capacity 21209K, committed 21296K, reserved 1069056K
  class space    used 2278K, capacity 2395K, committed 2432K, reserved 1048576K
}
Event: 1,661 GC heap after
{Heap after GC invocations=4 (full 0):
 garbage-first heap   total 126976K, used 7255K [0x0000000085200000, 0x0000000100000000)
  region size 1024K, 5 young (5120K), 5 survivors (5120K)
 Metaspace       used 20910K, capacity 21209K, committed 21296K, reserved 1069056K
  class space    used 2278K, capacity 2395K, committed 2432K, reserved 1048576K
}
Event: 2,191 GC heap before
{Heap before GC invocations=5 (full 0):
 garbage-first heap   total 126976K, used 56407K [0x0000000085200000, 0x0000000100000000)
  region size 1024K, 53 young (54272K), 5 survivors (5120K)
 Metaspace       used 22025K, capacity 22349K, committed 22704K, reserved 1069056K
  class space    used 2344K, capacity 2472K, committed 2560K, reserved 1048576K
}
Event: 2,214 GC heap after
{Heap after GC invocations=6 (full 0):
 garbage-first heap   total 152576K, used 12800K [0x0000000085200000, 0x0000000100000000)
  region size 1024K, 7 young (7168K), 7 survivors (7168K)
 Metaspace       used 22025K, capacity 22349K, committed 22704K, reserved 1069056K
  class space    used 2344K, capacity 2472K, committed 2560K, reserved 1048576K
}
Event: 2,720 GC heap before
{Heap before GC invocations=6 (full 0):
 garbage-first heap   total 152576K, used 96768K [0x0000000085200000, 0x0000000100000000)
  region size 1024K, 89 young (91136K), 7 survivors (7168K)
 Metaspace       used 22562K, capacity 22898K, committed 23216K, reserved 1071104K
  class space    used 2363K, capacity 2483K, committed 2560K, reserved 1048576K
}
Event: 2,746 GC heap after
{Heap after GC invocations=7 (full 0):
 garbage-first heap   total 152576K, used 20227K [0x0000000085200000, 0x0000000100000000)
  region size 1024K, 12 young (12288K), 12 survivors (12288K)
 Metaspace       used 22562K, capacity 22898K, committed 23216K, reserved 1071104K
  class space    used 2363K, capacity 2483K, committed 2560K, reserved 1048576K
}
Event: 3,437 GC heap before
{Heap before GC invocations=7 (full 0):
 garbage-first heap   total 152576K, used 99075K [0x0000000085200000, 0x0000000100000000)
  region size 1024K, 89 young (91136K), 12 survivors (12288K)
 Metaspace       used 26050K, capacity 26631K, committed 26928K, reserved 1073152K
  class space    used 2738K, capacity 2917K, committed 2944K, reserved 1048576K
}
Event: 3,460 GC heap after
{Heap after GC invocations=8 (full 0):
 garbage-first heap   total 152576K, used 25365K [0x0000000085200000, 0x0000000100000000)
  region size 1024K, 5 young (5120K), 5 survivors (5120K)
 Metaspace       used 26050K, capacity 26631K, committed 26928K, reserved 1073152K
  class space    used 2738K, capacity 2917K, committed 2944K, reserved 1048576K
}
Event: 3,920 GC heap before
{Heap before GC invocations=8 (full 0):
 garbage-first heap   total 152576K, used 108309K [0x0000000085200000, 0x0000000100000000)
  region size 1024K, 85 young (87040K), 5 survivors (5120K)
 Metaspace       used 32101K, capacity 32762K, committed 33072K, reserved 1079296K
  class space    used 3430K, capacity 3666K, committed 3712K, reserved 1048576K
}
Event: 3,930 GC heap after
{Heap after GC invocations=9 (full 0):
 garbage-first heap   total 152576K, used 33792K [0x0000000085200000, 0x0000000100000000)
  region size 1024K, 11 young (11264K), 11 survivors (11264K)
 Metaspace       used 32101K, capacity 32762K, committed 33072K, reserved 1079296K
  class space    used 3430K, capacity 3666K, committed 3712K, reserved 1048576K
}
Event: 4,866 GC heap before
{Heap before GC invocations=9 (full 0):
 garbage-first heap   total 152576K, used 111616K [0x0000000085200000, 0x0000000100000000)
  region size 1024K, 88 young (90112K), 11 survivors (11264K)
 Metaspace       used 34415K, capacity 35074K, committed 35376K, reserved 1081344K
  class space    used 3631K, capacity 3878K, committed 3968K, reserved 1048576K
}
Event: 4,886 GC heap after
{Heap after GC invocations=10 (full 0):
 garbage-first heap   total 229376K, used 38912K [0x0000000085200000, 0x0000000100000000)
  region size 1024K, 11 young (11264K), 11 survivors (11264K)
 Metaspace       used 34415K, capacity 35074K, committed 35376K, reserved 1081344K
  class space    used 3631K, capacity 3878K, committed 3968K, reserved 1048576K
}
Event: 5,043 GC heap before
{Heap before GC invocations=10 (full 0):
 garbage-first heap   total 229376K, used 53248K [0x0000000085200000, 0x0000000100000000)
  region size 1024K, 26 young (26624K), 11 survivors (11264K)
 Metaspace       used 35004K, capacity 35809K, committed 35888K, reserved 1081344K
  class space    used 3677K, capacity 3947K, committed 3968K, reserved 1048576K
}
Event: 5,052 GC heap after
{Heap after GC invocations=11 (full 0):
 garbage-first heap   total 229376K, used 31898K [0x0000000085200000, 0x0000000100000000)
  region size 1024K, 2 young (2048K), 2 survivors (2048K)
 Metaspace       used 35004K, capacity 35809K, committed 35888K, reserved 1081344K
  class space    used 3677K, capacity 3947K, committed 3968K, reserved 1048576K
}

Deoptimization events (20 events):
Event: 5,012 Thread 0x00007f6fe0016800 Uncommon trap: trap_request=0xffffff4d fr.pc=0x00007f6fd05a465c relative=0x000000000000011c
Event: 5,012 Thread 0x00007f6fe0016800 Uncommon trap: reason=unstable_if action=reinterpret pc=0x00007f6fd05a465c method=java.lang.ThreadLocal$ThreadLocalMap.getEntry(Ljava/lang/ThreadLocal;)Ljava/lang/ThreadLocal$ThreadLocalMap$Entry; @ 29 c2
Event: 5,012 Thread 0x00007f6fe0016800 DEOPT PACKING pc=0x00007f6fd05a465c sp=0x00007f6fe8c21f50
Event: 5,012 Thread 0x00007f6fe0016800 DEOPT UNPACKING pc=0x00007f6fc89356a5 sp=0x00007f6fe8c21e88 mode 2
Event: 5,012 Thread 0x00007f6fe0016800 Uncommon trap: trap_request=0xffffff4d fr.pc=0x00007f6fd05a54b0 relative=0x00000000000000f0
Event: 5,012 Thread 0x00007f6fe0016800 Uncommon trap: reason=unstable_if action=reinterpret pc=0x00007f6fd05a54b0 method=java.lang.ThreadLocal$ThreadLocalMap.getEntry(Ljava/lang/ThreadLocal;)Ljava/lang/ThreadLocal$ThreadLocalMap$Entry; @ 29 c2
Event: 5,012 Thread 0x00007f6fe0016800 DEOPT PACKING pc=0x00007f6fd05a54b0 sp=0x00007f6fe8c21ec0
Event: 5,012 Thread 0x00007f6fe0016800 DEOPT UNPACKING pc=0x00007f6fc89356a5 sp=0x00007f6fe8c21e78 mode 2
Event: 5,021 Thread 0x00007f6fe0016800 Uncommon trap: trap_request=0xffffff4d fr.pc=0x00007f6fd0487c80 relative=0x0000000000002240
Event: 5,021 Thread 0x00007f6fe0016800 Uncommon trap: reason=unstable_if action=reinterpret pc=0x00007f6fd0487c80 method=com.google.inject.internal.asm.$Type.getArgumentsAndReturnSizes(Ljava/lang/String;)I @ 41 c2
Event: 5,021 Thread 0x00007f6fe0016800 DEOPT PACKING pc=0x00007f6fd0487c80 sp=0x00007f6fe8c202c0
Event: 5,021 Thread 0x00007f6fe0016800 DEOPT UNPACKING pc=0x00007f6fc89356a5 sp=0x00007f6fe8c20170 mode 2
Event: 5,021 Thread 0x00007f6fe0016800 Uncommon trap: trap_request=0xffffff4d fr.pc=0x00007f6fd046b498 relative=0x00000000000003f8
Event: 5,021 Thread 0x00007f6fe0016800 Uncommon trap: reason=unstable_if action=reinterpret pc=0x00007f6fd046b498 method=com.google.inject.internal.asm.$Type.getArgumentsAndReturnSizes(Ljava/lang/String;)I @ 130 c2
Event: 5,021 Thread 0x00007f6fe0016800 DEOPT PACKING pc=0x00007f6fd046b498 sp=0x00007f6fe8c20080
Event: 5,021 Thread 0x00007f6fe0016800 DEOPT UNPACKING pc=0x00007f6fc89356a5 sp=0x00007f6fe8c20028 mode 2
Event: 5,030 Thread 0x00007f6fe0016800 Uncommon trap: trap_request=0xffffff4d fr.pc=0x00007f6fd0619a34 relative=0x0000000000000094
Event: 5,030 Thread 0x00007f6fe0016800 Uncommon trap: reason=unstable_if action=reinterpret pc=0x00007f6fd0619a34 method=java.lang.StringLatin1.lastIndexOf([BI[BII)I @ 32 c2
Event: 5,030 Thread 0x00007f6fe0016800 DEOPT PACKING pc=0x00007f6fd0619a34 sp=0x00007f6fe8c20eb0
Event: 5,030 Thread 0x00007f6fe0016800 DEOPT UNPACKING pc=0x00007f6fc89356a5 sp=0x00007f6fe8c20e28 mode 2

Classes redefined (0 events):
No events

Internal exceptions (20 events):
Event: 3,701 Thread 0x00007f6fe0016800 Exception <a 'java/security/PrivilegedActionException'{0x000000008c2ffd68}> (0x000000008c2ffd68) thrown at [./src/hotspot/share/prims/jvm.cpp, line 1297]
Event: 3,702 Thread 0x00007f6fe0016800 Exception <a 'java/security/PrivilegedActionException'{0x000000008c1012b0}> (0x000000008c1012b0) thrown at [./src/hotspot/share/prims/jvm.cpp, line 1297]
Event: 3,702 Thread 0x00007f6fe0016800 Exception <a 'java/security/PrivilegedActionException'{0x000000008c101828}> (0x000000008c101828) thrown at [./src/hotspot/share/prims/jvm.cpp, line 1297]
Event: 3,702 Thread 0x00007f6fe0016800 Exception <a 'java/security/PrivilegedActionException'{0x000000008c1028e8}> (0x000000008c1028e8) thrown at [./src/hotspot/share/prims/jvm.cpp, line 1297]
Event: 3,702 Thread 0x00007f6fe0016800 Exception <a 'java/security/PrivilegedActionException'{0x000000008c102e60}> (0x000000008c102e60) thrown at [./src/hotspot/share/prims/jvm.cpp, line 1297]
Event: 3,995 Thread 0x00007f6fe0016800 Exception <a 'sun/nio/fs/UnixException'{0x000000008d97a2a0}> (0x000000008d97a2a0) thrown at [./src/hotspot/share/prims/jni.cpp, line 615]
Event: 3,995 Thread 0x00007f6fe0016800 Exception <a 'sun/nio/fs/UnixException'{0x000000008d97a918}> (0x000000008d97a918) thrown at [./src/hotspot/share/prims/jni.cpp, line 615]
Event: 3,995 Thread 0x00007f6fe0016800 Exception <a 'sun/nio/fs/UnixException'{0x000000008d97af90}> (0x000000008d97af90) thrown at [./src/hotspot/share/prims/jni.cpp, line 615]
Event: 3,995 Thread 0x00007f6fe0016800 Exception <a 'sun/nio/fs/UnixException'{0x000000008d97b718}> (0x000000008d97b718) thrown at [./src/hotspot/share/prims/jni.cpp, line 615]
Event: 3,995 Thread 0x00007f6fe0016800 Exception <a 'sun/nio/fs/UnixException'{0x000000008d97bd90}> (0x000000008d97bd90) thrown at [./src/hotspot/share/prims/jni.cpp, line 615]
Event: 3,995 Thread 0x00007f6fe0016800 Exception <a 'sun/nio/fs/UnixException'{0x000000008d97c408}> (0x000000008d97c408) thrown at [./src/hotspot/share/prims/jni.cpp, line 615]
Event: 4,189 Thread 0x00007f6fe0016800 Exception <a 'java/lang/NoSuchMethodError'{0x000000008bfc0d20}: 'int java.lang.invoke.DirectMethodHandle$Holder.invokeSpecial(java.lang.Object, java.lang.Object, java.lang.Object, java.lang.Object, java.lang.Object)'> (0x000000008bfc0d20) thrown at [./src/hotspot/share/interpreter/linkResolver.cpp, line 773]
Event: 4,626 Thread 0x00007f6fe0016800 Exception <a 'java/lang/NoSuchMethodError'{0x000000008a4e1fd8}: 'int java.lang.invoke.DirectMethodHandle$Holder.invokeVirtual(java.lang.Object, java.lang.Object, java.lang.Object, java.lang.Object)'> (0x000000008a4e1fd8) thrown at [./src/hotspot/share/interpreter/linkResolver.cpp, line 773]
Event: 4,627 Thread 0x00007f6fe0016800 Exception <a 'java/lang/NoSuchMethodError'{0x000000008a4ed278}: 'java.lang.Object java.lang.invoke.DirectMethodHandle$Holder.invokeStatic(java.lang.Object, java.lang.Object, int, java.lang.Object)'> (0x000000008a4ed278) thrown at [./src/hotspot/share/interpreter/linkResolver.cpp, line 773]
Event: 4,628 Thread 0x00007f6fe0016800 Exception <a 'java/lang/NoSuchMethodError'{0x000000008a4f42a0}: 'java.lang.Object java.lang.invoke.Invokers$Holder.linkToTargetMethod(java.lang.Object, int, java.lang.Object, java.lang.Object)'> (0x000000008a4f42a0) thrown at [./src/hotspot/share/interpreter/linkResolver.cpp, line 773]
Event: 4,629 Thread 0x00007f6fe0016800 Exception <a 'java/lang/NoSuchMethodError'{0x000000008a4f9d80}: 'java.lang.Object java.lang.invoke.DirectMethodHandle$Holder.invokeVirtual(java.lang.Object, java.lang.Object, java.lang.Object)'> (0x000000008a4f9d80) thrown at [./src/hotspot/share/interpreter/linkResolver.cpp, line 773]
Event: 4,653 Thread 0x00007f6fe0016800 Exception <a 'java/lang/NoSuchMethodError'{0x000000008a38b5f0}: 'java.lang.Object java.lang.invoke.DirectMethodHandle$Holder.invokeStatic(java.lang.Object, java.lang.Object, java.lang.Object, java.lang.Object, java.lang.Object, java.lang.Object, java.lang.Object, int)'> (0x000000008a38b5f0) thrown at [./src/hotspot/share/interpreter/linkResolver.cpp, line 773]
Event: 4,654 Thread 0x00007f6fe0016800 Exception <a 'java/lang/NoSuchMethodError'{0x000000008a390078}: 'java.lang.Object java.lang.invoke.DirectMethodHandle$Holder.invokeSpecial(java.lang.Object, java.lang.Object, java.lang.Object, java.lang.Object, java.lang.Object, java.lang.Object, java.lang.Object, java.lang.Object, int)'> (0x000000008a390078) thrown at [./src/hotspot/share/interpreter/linkResolver.cpp, line 773]
Event: 4,655 Thread 0x00007f6fe0016800 Exception <a 'java/lang/NoSuchMethodError'{0x000000008a3a0b90}: 'java.lang.Object java.lang.invoke.Invokers$Holder.linkToTargetMethod(java.lang.Object, java.lang.Object, java.lang.Object, java.lang.Object, java.lang.Object, java.lang.Object, java.lang.Object)'> (0x000000008a3a0b90) thrown at [./src/hotspot/share/interpreter/linkResolver.cpp, line 773]
Event: 5,091 Thread 0x00007f6fe1584800 Exception <a 'java/lang/NoSuchMethodError'{0x000000009319def8}: 'java.lang.Object java.lang.invoke.DirectMethodHandle$Holder.invokeStaticInit(java.lang.Object, java.lang.Object, long, java.lang.Object)'> (0x000000009319def8) thrown at [./src/hotspot/share/interpreter/linkResolver.cpp, line 773]

Events (20 events):
Event: 5,088 loading class org/apache/maven/plugin/surefire/SurefireHelper done
Event: 5,089 loading class java/util/concurrent/CompletionStage
Event: 5,089 loading class java/util/concurrent/CompletionStage done
Event: 5,089 loading class java/lang/IllegalAccessError
Event: 5,089 loading class java/lang/IllegalAccessError done
Event: 5,089 loading class java/util/concurrent/CompletableFuture done
Event: 5,089 loading class java/lang/ProcessHandle$Info
Event: 5,089 loading class java/lang/ProcessHandle$Info done
Event: 5,089 loading class java/lang/ProcessHandleImpl
Event: 5,089 loading class org/apache/maven/surefire/util/internal/DumpFileUtils
Event: 5,089 loading class org/apache/maven/surefire/util/internal/DumpFileUtils done
Event: 5,089 loading class org/apache/maven/surefire/util/internal/DumpFileUtils
Event: 5,089 loading class org/apache/maven/surefire/util/internal/DumpFileUtils done
Event: 5,090 loading class java/lang/ProcessHandleImpl done
Event: 5,090 loading class java/text/NumberFormat$Field
Event: 5,090 loading class java/text/NumberFormat$Field done
Event: 5,091 loading class org/apache/maven/surefire/cli/CommandLineOption
Event: 5,091 loading class org/apache/maven/surefire/cli/CommandLineOption done
Event: 5,091 loading class org/apache/maven/surefire/cli/CommandLineOption
Event: 5,091 loading class org/apache/maven/surefire/cli/CommandLineOption done


Dynamic libraries:
85200000-93200000 rw-p 00000000 00:00 0 
93200000-100000000 ---p 00000000 00:00 0 
100000000-100400000 rw-p 00000000 00:00 0 
100400000-140000000 ---p 00000000 00:00 0 
559ac7faf000-559ac7fb0000 r-xp 00000000 08:06 2520393                    /usr/lib/jvm/java-11-openjdk-amd64/bin/java
559ac81b0000-559ac81b1000 r--p 00001000 08:06 2520393                    /usr/lib/jvm/java-11-openjdk-amd64/bin/java
559ac81b1000-559ac81b2000 rw-p 00002000 08:06 2520393                    /usr/lib/jvm/java-11-openjdk-amd64/bin/java
559ac983a000-559ac985b000 rw-p 00000000 00:00 0                          [heap]
7f6f68000000-7f6f6802c000 rw-p 00000000 00:00 0 
7f6f6802c000-7f6f6c000000 ---p 00000000 00:00 0 
7f6f6c000000-7f6f6c021000 rw-p 00000000 00:00 0 
7f6f6c021000-7f6f70000000 ---p 00000000 00:00 0 
7f6f70000000-7f6f7002b000 rw-p 00000000 00:00 0 
7f6f7002b000-7f6f74000000 ---p 00000000 00:00 0 
7f6f74000000-7f6f74021000 rw-p 00000000 00:00 0 
7f6f74021000-7f6f78000000 ---p 00000000 00:00 0 
7f6f78000000-7f6f7909f000 rw-p 00000000 00:00 0 
7f6f7909f000-7f6f7c000000 ---p 00000000 00:00 0 
7f6f7e5fa000-7f6f7e5fb000 ---p 00000000 00:00 0 
7f6f7e5fb000-7f6f7e6fc000 rw-p 00000000 00:00 0 
7f6f7e6fc000-7f6f7e700000 ---p 00000000 00:00 0 
7f6f7e700000-7f6f7e978000 rw-p 00000000 00:00 0 
7f6f7e978000-7f6f7e9fd000 ---p 00000000 00:00 0 
7f6f7e9fd000-7f6f7ebfd000 rw-p 00000000 00:00 0 
7f6f7ebfd000-7f6f7edfd000 rw-p 00000000 00:00 0 
7f6f7edfd000-7f6f7effd000 rw-p 00000000 00:00 0 
7f6f7effd000-7f6f7f1fd000 rw-p 00000000 00:00 0 
7f6f7f1fd000-7f6f7f1fe000 ---p 00000000 00:00 0 
7f6f7f1fe000-7f6f7f4ff000 rw-p 00000000 00:00 0 
7f6f7f4ff000-7f6f7f503000 ---p 00000000 00:00 0 
7f6f7f503000-7f6f7f7ec000 rw-p 00000000 00:00 0 
7f6f7f7ec000-7f6f7f800000 ---p 00000000 00:00 0 
7f6f7f800000-7f6f7fa00000 rw-p 00000000 00:00 0 
7f6f7fa00000-7f6f7fc00000 rw-p 00000000 00:00 0 
7f6f7fc00000-7f6f7fe00000 rw-p 00000000 00:00 0 
7f6f7fe00000-7f6f80000000 rw-p 00000000 00:00 0 
7f6f80000000-7f6f80021000 rw-p 00000000 00:00 0 
7f6f80021000-7f6f84000000 ---p 00000000 00:00 0 
7f6f84000000-7f6f84021000 rw-p 00000000 00:00 0 
7f6f84021000-7f6f88000000 ---p 00000000 00:00 0 
7f6f88000000-7f6f88021000 rw-p 00000000 00:00 0 
7f6f88021000-7f6f8c000000 ---p 00000000 00:00 0 
7f6f8c000000-7f6f8c021000 rw-p 00000000 00:00 0 
7f6f8c021000-7f6f90000000 ---p 00000000 00:00 0 
7f6f90000000-7f6f907ee000 rw-p 00000000 00:00 0 
7f6f907ee000-7f6f94000000 ---p 00000000 00:00 0 
7f6f94000000-7f6f94021000 rw-p 00000000 00:00 0 
7f6f94021000-7f6f98000000 ---p 00000000 00:00 0 
7f6f98000000-7f6f98021000 rw-p 00000000 00:00 0 
7f6f98021000-7f6f9c000000 ---p 00000000 00:00 0 
7f6f9c000000-7f6f9cf77000 rw-p 00000000 00:00 0 
7f6f9cf77000-7f6fa0000000 ---p 00000000 00:00 0 
7f6fa0000000-7f6fa0021000 rw-p 00000000 00:00 0 
7f6fa0021000-7f6fa4000000 ---p 00000000 00:00 0 
7f6fa4000000-7f6fa4021000 rw-p 00000000 00:00 0 
7f6fa4021000-7f6fa8000000 ---p 00000000 00:00 0 
7f6fa8000000-7f6fa8021000 rw-p 00000000 00:00 0 
7f6fa8021000-7f6fac000000 ---p 00000000 00:00 0 
7f6fac000000-7f6fac076000 rw-p 00000000 00:00 0 
7f6fac076000-7f6fb0000000 ---p 00000000 00:00 0 
7f6fb0000000-7f6fb0021000 rw-p 00000000 00:00 0 
7f6fb0021000-7f6fb4000000 ---p 00000000 00:00 0 
7f6fb4000000-7f6fb4021000 rw-p 00000000 00:00 0 
7f6fb4021000-7f6fb8000000 ---p 00000000 00:00 0 
7f6fb80e6000-7f6fb80ea000 ---p 00000000 00:00 0 
7f6fb80ea000-7f6fb81e7000 rw-p 00000000 00:00 0 
7f6fb81e7000-7f6fb81e8000 ---p 00000000 00:00 0 
7f6fb81e8000-7f6fb84e9000 rw-p 00000000 00:00 0 
7f6fb84e9000-7f6fb84ff000 r-xp 00000000 08:06 2522350                    /usr/lib/jvm/java-11-openjdk-amd64/lib/libnet.so
7f6fb84ff000-7f6fb86fe000 ---p 00016000 08:06 2522350                    /usr/lib/jvm/java-11-openjdk-amd64/lib/libnet.so
7f6fb86fe000-7f6fb86ff000 r--p 00015000 08:06 2522350                    /usr/lib/jvm/java-11-openjdk-amd64/lib/libnet.so
7f6fb86ff000-7f6fb8700000 rw-p 00016000 08:06 2522350                    /usr/lib/jvm/java-11-openjdk-amd64/lib/libnet.so
7f6fb8700000-7f6fb8710000 r-xp 00000000 08:06 2522351                    /usr/lib/jvm/java-11-openjdk-amd64/lib/libnio.so
7f6fb8710000-7f6fb890f000 ---p 00010000 08:06 2522351                    /usr/lib/jvm/java-11-openjdk-amd64/lib/libnio.so
7f6fb890f000-7f6fb8910000 r--p 0000f000 08:06 2522351                    /usr/lib/jvm/java-11-openjdk-amd64/lib/libnio.so
7f6fb8910000-7f6fb8911000 rw-p 00010000 08:06 2522351                    /usr/lib/jvm/java-11-openjdk-amd64/lib/libnio.so
7f6fb8911000-7f6fb8915000 ---p 00000000 00:00 0 
7f6fb8915000-7f6fb8a12000 rw-p 00000000 00:00 0 
7f6fb8a12000-7f6fb8a13000 ---p 00000000 00:00 0 
7f6fb8a13000-7f6fb8b14000 rw-p 00000000 00:00 0 
7f6fb8b14000-7f6fb8b18000 ---p 00000000 00:00 0 
7f6fb8b18000-7f6fb8c15000 rw-p 00000000 00:00 0 
7f6fb8c15000-7f6fb8c19000 ---p 00000000 00:00 0 
7f6fb8c19000-7f6fb8d16000 rw-p 00000000 00:00 0 
7f6fb8d16000-7f6fb8d1a000 ---p 00000000 00:00 0 
7f6fb8d1a000-7f6fb8e17000 rw-p 00000000 00:00 0 
7f6fb8e17000-7f6fb8e1b000 ---p 00000000 00:00 0 
7f6fb8e1b000-7f6fb8f18000 rw-p 00000000 00:00 0 
7f6fb8f18000-7f6fb8f1c000 ---p 00000000 00:00 0 
7f6fb8f1c000-7f6fb9019000 rw-p 00000000 00:00 0 
7f6fb9019000-7f6fb92f8000 r--p 00000000 08:06 2497268                    /usr/lib/locale/locale-archive
7f6fb92f8000-7f6fb92fc000 ---p 00000000 00:00 0 
7f6fb92fc000-7f6fb93f9000 rw-p 00000000 00:00 0 
7f6fb93f9000-7f6fb93fd000 ---p 00000000 00:00 0 
7f6fb93fd000-7f6fb94fa000 rw-p 00000000 00:00 0 
7f6fb94fa000-7f6fb94fb000 ---p 00000000 00:00 0 
7f6fb94fb000-7f6fb9dfc000 rw-p 00000000 00:00 0 
7f6fb9dfc000-7f6fb9dfd000 ---p 00000000 00:00 0 
7f6fb9dfd000-7f6fb9efe000 rw-p 00000000 00:00 0 
7f6fb9efe000-7f6fb9eff000 ---p 00000000 00:00 0 
7f6fb9eff000-7f6fbc000000 rw-p 00000000 00:00 0 
7f6fbc000000-7f6fbc021000 rw-p 00000000 00:00 0 
7f6fbc021000-7f6fc0000000 ---p 00000000 00:00 0 
7f6fc000d000-7f6fc0610000 rw-p 00000000 00:00 0 
7f6fc0610000-7f6fc2148000 ---p 00000000 00:00 0 
7f6fc2148000-7f6fc24c8000 rw-p 00000000 00:00 0 
7f6fc24c8000-7f6fc4000000 ---p 00000000 00:00 0 
7f6fc4000000-7f6fc4021000 rw-p 00000000 00:00 0 
7f6fc4021000-7f6fc8000000 ---p 00000000 00:00 0 
7f6fc8003000-7f6fc81cf000 rw-p 00000000 00:00 0 
7f6fc81cf000-7f6fc8536000 ---p 00000000 00:00 0 
7f6fc8536000-7f6fc85a6000 rw-p 00000000 00:00 0 
7f6fc85a6000-7f6fc890d000 ---p 00000000 00:00 0 
7f6fc890d000-7f6fc8b7d000 rwxp 00000000 00:00 0 
7f6fc8b7d000-7f6fc8e9d000 ---p 00000000 00:00 0 
7f6fc8e9d000-7f6fc9b3d000 rwxp 00000000 00:00 0 
7f6fc9b3d000-7f6fd03d5000 ---p 00000000 00:00 0 
7f6fd03d5000-7f6fd0675000 rwxp 00000000 00:00 0 
7f6fd0675000-7f6fd790d000 ---p 00000000 00:00 0 
7f6fd790d000-7f6fe0000000 r--s 00000000 08:06 2522360                    /usr/lib/jvm/java-11-openjdk-amd64/lib/modules
7f6fe0000000-7f6fe1bb0000 rw-p 00000000 00:00 0 
7f6fe1bb0000-7f6fe4000000 ---p 00000000 00:00 0 
7f6fe402a000-7f6fe412b000 rw-p 00000000 00:00 0 
7f6fe412b000-7f6fe412c000 ---p 00000000 00:00 0 
7f6fe412c000-7f6fe422d000 rw-p 00000000 00:00 0 
7f6fe422d000-7f6fe422e000 ---p 00000000 00:00 0 
7f6fe422e000-7f6fe439f000 rw-p 00000000 00:00 0 
7f6fe439f000-7f6fe4706000 ---p 00000000 00:00 0 
7f6fe4706000-7f6fe4b0a000 rw-p 00000000 00:00 0 
7f6fe4b0a000-7f6fe4b0b000 ---p 00000000 00:00 0 
7f6fe4b0b000-7f6fe4c12000 rw-p 00000000 00:00 0 
7f6fe4c12000-7f6fe4cf7000 ---p 00000000 00:00 0 
7f6fe4cf7000-7f6fe4d11000 rw-p 00000000 00:00 0 
7f6fe4d11000-7f6fe4de2000 ---p 00000000 00:00 0 
7f6fe4de2000-7f6fe4de7000 r-xp 00000000 08:06 2522342                    /usr/lib/jvm/java-11-openjdk-amd64/lib/libjimage.so
7f6fe4de7000-7f6fe4fe6000 ---p 00005000 08:06 2522342                    /usr/lib/jvm/java-11-openjdk-amd64/lib/libjimage.so
7f6fe4fe6000-7f6fe4fe7000 r--p 00004000 08:06 2522342                    /usr/lib/jvm/java-11-openjdk-amd64/lib/libjimage.so
7f6fe4fe7000-7f6fe4fe8000 rw-p 00005000 08:06 2522342                    /usr/lib/jvm/java-11-openjdk-amd64/lib/libjimage.so
7f6fe4fe8000-7f6fe4fef000 r-xp 00000000 08:06 2522359                    /usr/lib/jvm/java-11-openjdk-amd64/lib/libzip.so
7f6fe4fef000-7f6fe51ee000 ---p 00007000 08:06 2522359                    /usr/lib/jvm/java-11-openjdk-amd64/lib/libzip.so
7f6fe51ee000-7f6fe51ef000 r--p 00006000 08:06 2522359                    /usr/lib/jvm/java-11-openjdk-amd64/lib/libzip.so
7f6fe51ef000-7f6fe51f0000 rw-p 00007000 08:06 2522359                    /usr/lib/jvm/java-11-openjdk-amd64/lib/libzip.so
7f6fe51f0000-7f6fe51fb000 r-xp 00000000 08:06 3151449                    /lib/x86_64-linux-gnu/libnss_files-2.27.so
7f6fe51fb000-7f6fe53fa000 ---p 0000b000 08:06 3151449                    /lib/x86_64-linux-gnu/libnss_files-2.27.so
7f6fe53fa000-7f6fe53fb000 r--p 0000a000 08:06 3151449                    /lib/x86_64-linux-gnu/libnss_files-2.27.so
7f6fe53fb000-7f6fe53fc000 rw-p 0000b000 08:06 3151449                    /lib/x86_64-linux-gnu/libnss_files-2.27.so
7f6fe53fc000-7f6fe5402000 rw-p 00000000 00:00 0 
7f6fe5402000-7f6fe5419000 r-xp 00000000 08:06 3151443                    /lib/x86_64-linux-gnu/libnsl-2.27.so
7f6fe5419000-7f6fe5618000 ---p 00017000 08:06 3151443                    /lib/x86_64-linux-gnu/libnsl-2.27.so
7f6fe5618000-7f6fe5619000 r--p 00016000 08:06 3151443                    /lib/x86_64-linux-gnu/libnsl-2.27.so
7f6fe5619000-7f6fe561a000 rw-p 00017000 08:06 3151443                    /lib/x86_64-linux-gnu/libnsl-2.27.so
7f6fe561a000-7f6fe561c000 rw-p 00000000 00:00 0 
7f6fe561c000-7f6fe5627000 r-xp 00000000 08:06 3151460                    /lib/x86_64-linux-gnu/libnss_nis-2.27.so
7f6fe5627000-7f6fe5826000 ---p 0000b000 08:06 3151460                    /lib/x86_64-linux-gnu/libnss_nis-2.27.so
7f6fe5826000-7f6fe5827000 r--p 0000a000 08:06 3151460                    /lib/x86_64-linux-gnu/libnss_nis-2.27.so
7f6fe5827000-7f6fe5828000 rw-p 0000b000 08:06 3151460                    /lib/x86_64-linux-gnu/libnss_nis-2.27.so
7f6fe5828000-7f6fe5830000 r-xp 00000000 08:06 3151445                    /lib/x86_64-linux-gnu/libnss_compat-2.27.so
7f6fe5830000-7f6fe5a30000 ---p 00008000 08:06 3151445                    /lib/x86_64-linux-gnu/libnss_compat-2.27.so
7f6fe5a30000-7f6fe5a31000 r--p 00008000 08:06 3151445                    /lib/x86_64-linux-gnu/libnss_compat-2.27.so
7f6fe5a31000-7f6fe5a32000 rw-p 00009000 08:06 3151445                    /lib/x86_64-linux-gnu/libnss_compat-2.27.so
7f6fe5a32000-7f6fe5a5b000 r-xp 00000000 08:06 2522338                    /usr/lib/jvm/java-11-openjdk-amd64/lib/libjava.so
7f6fe5a5b000-7f6fe5c5a000 ---p 00029000 08:06 2522338                    /usr/lib/jvm/java-11-openjdk-amd64/lib/libjava.so
7f6fe5c5a000-7f6fe5c5b000 r--p 00028000 08:06 2522338                    /usr/lib/jvm/java-11-openjdk-amd64/lib/libjava.so
7f6fe5c5b000-7f6fe5c5d000 rw-p 00029000 08:06 2522338                    /usr/lib/jvm/java-11-openjdk-amd64/lib/libjava.so
7f6fe5c5d000-7f6fe5c6a000 r-xp 00000000 08:06 2522358                    /usr/lib/jvm/java-11-openjdk-amd64/lib/libverify.so
7f6fe5c6a000-7f6fe5e69000 ---p 0000d000 08:06 2522358                    /usr/lib/jvm/java-11-openjdk-amd64/lib/libverify.so
7f6fe5e69000-7f6fe5e6b000 r--p 0000c000 08:06 2522358                    /usr/lib/jvm/java-11-openjdk-amd64/lib/libverify.so
7f6fe5e6b000-7f6fe5e6c000 rw-p 0000e000 08:06 2522358                    /usr/lib/jvm/java-11-openjdk-amd64/lib/libverify.so
7f6fe5e6c000-7f6fe5e73000 r-xp 00000000 08:06 3151500                    /lib/x86_64-linux-gnu/librt-2.27.so
7f6fe5e73000-7f6fe6072000 ---p 00007000 08:06 3151500                    /lib/x86_64-linux-gnu/librt-2.27.so
7f6fe6072000-7f6fe6073000 r--p 00006000 08:06 3151500                    /lib/x86_64-linux-gnu/librt-2.27.so
7f6fe6073000-7f6fe6074000 rw-p 00007000 08:06 3151500                    /lib/x86_64-linux-gnu/librt-2.27.so
7f6fe6074000-7f6fe608b000 r-xp 00000000 08:06 3151192                    /lib/x86_64-linux-gnu/libgcc_s.so.1
7f6fe608b000-7f6fe628a000 ---p 00017000 08:06 3151192                    /lib/x86_64-linux-gnu/libgcc_s.so.1
7f6fe628a000-7f6fe628b000 r--p 00016000 08:06 3151192                    /lib/x86_64-linux-gnu/libgcc_s.so.1
7f6fe628b000-7f6fe628c000 rw-p 00017000 08:06 3151192                    /lib/x86_64-linux-gnu/libgcc_s.so.1
7f6fe628c000-7f6fe6429000 r-xp 00000000 08:06 3151422                    /lib/x86_64-linux-gnu/libm-2.27.so
7f6fe6429000-7f6fe6628000 ---p 0019d000 08:06 3151422                    /lib/x86_64-linux-gnu/libm-2.27.so
7f6fe6628000-7f6fe6629000 r--p 0019c000 08:06 3151422                    /lib/x86_64-linux-gnu/libm-2.27.so
7f6fe6629000-7f6fe662a000 rw-p 0019d000 08:06 3151422                    /lib/x86_64-linux-gnu/libm-2.27.so
7f6fe662a000-7f6fe67a3000 r-xp 00000000 08:06 2499348                    /usr/lib/x86_64-linux-gnu/libstdc++.so.6.0.25
7f6fe67a3000-7f6fe69a3000 ---p 00179000 08:06 2499348                    /usr/lib/x86_64-linux-gnu/libstdc++.so.6.0.25
7f6fe69a3000-7f6fe69ad000 r--p 00179000 08:06 2499348                    /usr/lib/x86_64-linux-gnu/libstdc++.so.6.0.25
7f6fe69ad000-7f6fe69af000 rw-p 00183000 08:06 2499348                    /usr/lib/x86_64-linux-gnu/libstdc++.so.6.0.25
7f6fe69af000-7f6fe69b3000 rw-p 00000000 00:00 0 
7f6fe69b3000-7f6fe7a90000 r-xp 00000000 08:06 2522363                    /usr/lib/jvm/java-11-openjdk-amd64/lib/server/libjvm.so
7f6fe7a90000-7f6fe7c8f000 ---p 010dd000 08:06 2522363                    /usr/lib/jvm/java-11-openjdk-amd64/lib/server/libjvm.so
7f6fe7c8f000-7f6fe7d4c000 r--p 010dc000 08:06 2522363                    /usr/lib/jvm/java-11-openjdk-amd64/lib/server/libjvm.so
7f6fe7d4c000-7f6fe7d86000 rw-p 01199000 08:06 2522363                    /usr/lib/jvm/java-11-openjdk-amd64/lib/server/libjvm.so
7f6fe7d86000-7f6fe7ddc000 rw-p 00000000 00:00 0 
7f6fe7ddc000-7f6fe7df6000 r-xp 00000000 08:06 3151492                    /lib/x86_64-linux-gnu/libpthread-2.27.so
7f6fe7df6000-7f6fe7ff5000 ---p 0001a000 08:06 3151492                    /lib/x86_64-linux-gnu/libpthread-2.27.so
7f6fe7ff5000-7f6fe7ff6000 r--p 00019000 08:06 3151492                    /lib/x86_64-linux-gnu/libpthread-2.27.so
7f6fe7ff6000-7f6fe7ff7000 rw-p 0001a000 08:06 3151492                    /lib/x86_64-linux-gnu/libpthread-2.27.so
7f6fe7ff7000-7f6fe7ffb000 rw-p 00000000 00:00 0 
7f6fe7ffb000-7f6fe7ffe000 r-xp 00000000 08:06 3151382                    /lib/x86_64-linux-gnu/libdl-2.27.so
7f6fe7ffe000-7f6fe81fd000 ---p 00003000 08:06 3151382                    /lib/x86_64-linux-gnu/libdl-2.27.so
7f6fe81fd000-7f6fe81fe000 r--p 00002000 08:06 3151382                    /lib/x86_64-linux-gnu/libdl-2.27.so
7f6fe81fe000-7f6fe81ff000 rw-p 00003000 08:06 3151382                    /lib/x86_64-linux-gnu/libdl-2.27.so
7f6fe81ff000-7f6fe821b000 r-xp 00000000 08:06 3151533                    /lib/x86_64-linux-gnu/libz.so.1.2.11
7f6fe821b000-7f6fe841a000 ---p 0001c000 08:06 3151533                    /lib/x86_64-linux-gnu/libz.so.1.2.11
7f6fe841a000-7f6fe841b000 r--p 0001b000 08:06 3151533                    /lib/x86_64-linux-gnu/libz.so.1.2.11
7f6fe841b000-7f6fe841c000 rw-p 0001c000 08:06 3151533                    /lib/x86_64-linux-gnu/libz.so.1.2.11
7f6fe841c000-7f6fe8603000 r-xp 00000000 08:06 3151359                    /lib/x86_64-linux-gnu/libc-2.27.so
7f6fe8603000-7f6fe8803000 ---p 001e7000 08:06 3151359                    /lib/x86_64-linux-gnu/libc-2.27.so
7f6fe8803000-7f6fe8807000 r--p 001e7000 08:06 3151359                    /lib/x86_64-linux-gnu/libc-2.27.so
7f6fe8807000-7f6fe8809000 rw-p 001eb000 08:06 3151359                    /lib/x86_64-linux-gnu/libc-2.27.so
7f6fe8809000-7f6fe880d000 rw-p 00000000 00:00 0 
7f6fe880d000-7f6fe881d000 r-xp 00000000 08:06 2522322                    /usr/lib/jvm/java-11-openjdk-amd64/lib/jli/libjli.so
7f6fe881d000-7f6fe8a1c000 ---p 00010000 08:06 2522322                    /usr/lib/jvm/java-11-openjdk-amd64/lib/jli/libjli.so
7f6fe8a1c000-7f6fe8a1d000 r--p 0000f000 08:06 2522322                    /usr/lib/jvm/java-11-openjdk-amd64/lib/jli/libjli.so
7f6fe8a1d000-7f6fe8a1e000 rw-p 00010000 08:06 2522322                    /usr/lib/jvm/java-11-openjdk-amd64/lib/jli/libjli.so
7f6fe8a1e000-7f6fe8a45000 r-xp 00000000 08:06 3151331                    /lib/x86_64-linux-gnu/ld-2.27.so
7f6fe8a47000-7f6fe8b24000 rw-p 00000000 00:00 0 
7f6fe8b24000-7f6fe8b28000 ---p 00000000 00:00 0 
7f6fe8b28000-7f6fe8c27000 rw-p 00000000 00:00 0 
7f6fe8c2b000-7f6fe8c30000 rw-p 00000000 00:00 0 
7f6fe8c30000-7f6fe8c37000 ---p 00000000 00:00 0 
7f6fe8c37000-7f6fe8c39000 r--s 00007000 08:06 2909727                    /usr/share/java/java-atk-wrapper.jar
7f6fe8c39000-7f6fe8c41000 rw-s 00000000 08:06 2365873                    /tmp/hsperfdata_maicon/31922
7f6fe8c41000-7f6fe8c42000 ---p 00000000 00:00 0 
7f6fe8c42000-7f6fe8c43000 r--p 00000000 00:00 0 
7f6fe8c43000-7f6fe8c45000 rw-p 00000000 00:00 0 
7f6fe8c45000-7f6fe8c46000 r--p 00027000 08:06 3151331                    /lib/x86_64-linux-gnu/ld-2.27.so
7f6fe8c46000-7f6fe8c47000 rw-p 00028000 08:06 3151331                    /lib/x86_64-linux-gnu/ld-2.27.so
7f6fe8c47000-7f6fe8c48000 rw-p 00000000 00:00 0 
7ffc8c4ca000-7ffc8c4ec000 rw-p 00000000 00:00 0                          [stack]
7ffc8c5aa000-7ffc8c5ad000 r--p 00000000 00:00 0                          [vvar]
7ffc8c5ad000-7ffc8c5af000 r-xp 00000000 00:00 0                          [vdso]
ffffffffff600000-ffffffffff601000 r-xp 00000000 00:00 0                  [vsyscall]


VM Arguments:
jvm_args: -Dclassworlds.conf=/usr/share/maven/bin/m2.conf -Dmaven.home=/usr/share/maven -Dlibrary.jansi.path=/usr/share/maven/lib/jansi-native -Dmaven.multiModuleProjectDirectory=/home/maicon/Documents/projects/java/spirngbot/Java-Family-Finance 
java_command: org.codehaus.plexus.classworlds.launcher.Launcher test
java_class_path (initial): /usr/share/maven/boot/plexus-classworlds-2.x.jar
Launcher Type: SUN_STANDARD

[Global flags]
     intx CICompilerCount                          = 3                                         {product} {ergonomic}
     uint ConcGCThreads                            = 1                                         {product} {ergonomic}
     uint G1ConcRefinementThreads                  = 4                                         {product} {ergonomic}
   size_t G1HeapRegionSize                         = 1048576                                   {product} {ergonomic}
    uintx GCDrainStackTargetSize                   = 64                                        {product} {ergonomic}
   size_t InitialHeapSize                          = 130023424                                 {product} {ergonomic}
   size_t MarkStackSize                            = 4194304                                   {product} {ergonomic}
   size_t MaxHeapSize                              = 2061500416                                {product} {ergonomic}
   size_t MaxNewSize                               = 1236271104                                {product} {ergonomic}
   size_t MinHeapDeltaBytes                        = 1048576                                   {product} {ergonomic}
    uintx NonNMethodCodeHeapSize                   = 5830732                                {pd product} {ergonomic}
    uintx NonProfiledCodeHeapSize                  = 122913754                              {pd product} {ergonomic}
    uintx ProfiledCodeHeapSize                     = 122913754                              {pd product} {ergonomic}
    uintx ReservedCodeCacheSize                    = 251658240                              {pd product} {ergonomic}
     bool SegmentedCodeCache                       = true                                      {product} {ergonomic}
     bool UseCompressedClassPointers               = true                                 {lp64_product} {ergonomic}
     bool UseCompressedOops                        = true                                 {lp64_product} {ergonomic}
     bool UseG1GC                                  = true                                      {product} {ergonomic}

Logging:
Log output configuration:
 #0: stdout all=warning uptime,level,tags
 #1: stderr all=off uptime,level,tags

Environment Variables:
JAVA_HOME=/usr/lib/jvm/java-11-openjdk-amd64
PATH=/usr/lib/jvm/java-11-openjdk-amd64/bin:/home/maicon/.nvm/versions/node/v8.15.0/bin:/usr/local/sbin:/usr/local/bin:/usr/sbin:/usr/bin:/sbin:/bin:/usr/games:/usr/local/games:/snap/bin
SHELL=/bin/bash
DISPLAY=:0

Signal Handlers:
SIGSEGV: [libjvm.so+0xdf8d00], sa_mask[0]=11111111011111111101111111111110, sa_flags=SA_RESTART|SA_SIGINFO
SIGBUS: [libjvm.so+0xdf8d00], sa_mask[0]=11111111011111111101111111111110, sa_flags=SA_RESTART|SA_SIGINFO
SIGFPE: [libjvm.so+0xdf8d00], sa_mask[0]=11111111011111111101111111111110, sa_flags=SA_RESTART|SA_SIGINFO
SIGPIPE: [libjvm.so+0xbcbc30], sa_mask[0]=11111111011111111101111111111110, sa_flags=SA_RESTART|SA_SIGINFO
SIGXFSZ: [libjvm.so+0xbcbc30], sa_mask[0]=11111111011111111101111111111110, sa_flags=SA_RESTART|SA_SIGINFO
SIGILL: [libjvm.so+0xdf8d00], sa_mask[0]=11111111011111111101111111111110, sa_flags=SA_RESTART|SA_SIGINFO
SIGUSR2: [libjvm.so+0xbcbad0], sa_mask[0]=00000000000000000000000000000000, sa_flags=SA_RESTART|SA_SIGINFO
SIGHUP: [libjvm.so+0xbcbe30], sa_mask[0]=11111111011111111101111111111110, sa_flags=SA_RESTART|SA_SIGINFO
SIGINT: [libjvm.so+0xbcbe30], sa_mask[0]=11111111011111111101111111111110, sa_flags=SA_RESTART|SA_SIGINFO
SIGTERM: [libjvm.so+0xbcbe30], sa_mask[0]=11111111011111111101111111111110, sa_flags=SA_RESTART|SA_SIGINFO
SIGQUIT: [libjvm.so+0xbcbe30], sa_mask[0]=11111111011111111101111111111110, sa_flags=SA_RESTART|SA_SIGINFO


---------------  S Y S T E M  ---------------

OS:DISTRIB_ID=LinuxMint
DISTRIB_RELEASE=19.2
DISTRIB_CODENAME=tina
DISTRIB_DESCRIPTION="Linux Mint 19.2 Tina"
uname:Linux 4.15.0-54-generic #58-Ubuntu SMP Mon Jun 24 10:55:24 UTC 2019 x86_64
OS uptime: 1 days 22:46 hours
libc:glibc 2.27 NPTL 2.27 
rlimit: STACK 8192k, CORE 0k, NPROC 31195, NOFILE 4096, AS infinity, CPU infinity, DATA infinity, FSIZE infinity
load average:1,70 1,35 1,30

/proc/meminfo:
MemTotal:        8049148 kB
MemFree:         1169024 kB
MemAvailable:    3164692 kB
Buffers:          549836 kB
Cached:          1871856 kB
SwapCached:         3108 kB
Active:          5428064 kB
Inactive:        1125068 kB
Active(anon):    3998116 kB
Inactive(anon):   391464 kB
Active(file):    1429948 kB
Inactive(file):   733604 kB
Unevictable:          96 kB
Mlocked:              96 kB
SwapTotal:       2097148 kB
SwapFree:        2084860 kB
Dirty:               524 kB
Writeback:             0 kB
AnonPages:       4128716 kB
Mapped:           711680 kB
Shmem:            264048 kB
Slab:             165748 kB
SReclaimable:     104848 kB
SUnreclaim:        60900 kB
KernelStack:       13440 kB
PageTables:        63648 kB
NFS_Unstable:          0 kB
Bounce:                0 kB
WritebackTmp:          0 kB
CommitLimit:     6121720 kB
Committed_AS:    9733896 kB
VmallocTotal:   34359738367 kB
VmallocUsed:           0 kB
VmallocChunk:          0 kB
HardwareCorrupted:     0 kB
AnonHugePages:         0 kB
ShmemHugePages:        0 kB
ShmemPmdMapped:        0 kB
CmaTotal:              0 kB
CmaFree:               0 kB
HugePages_Total:       0
HugePages_Free:        0
HugePages_Rsvd:        0
HugePages_Surp:        0
Hugepagesize:       2048 kB
DirectMap4k:      388556 kB
DirectMap2M:     7880704 kB
DirectMap1G:           0 kB


/proc/sys/kernel/threads-max (system-wide limit on the number of threads):
62390


/proc/sys/vm/max_map_count (maximum number of memory map areas a process may have):
65530


/proc/sys/kernel/pid_max (system-wide limit on number of process identifiers):
32768



container (cgroup) information:
container_type: cgroupv1
cpu_cpuset_cpus: 0-3
cpu_memory_nodes: 0
active_processor_count: 4
cpu_quota: -1
cpu_period: 100000
cpu_shares: -1
memory_limit_in_bytes: -1
memory_and_swap_limit_in_bytes: -2
memory_soft_limit_in_bytes: -1
memory_usage_in_bytes: 6712893440
memory_max_usage_in_bytes: 250204160

Steal ticks since vm start: 0
Steal ticks percentage since vm start:  0,000

CPU:total 4 (initial active 4) (2 cores per cpu, 2 threads per core) family 6 model 69 stepping 1, cmov, cx8, fxsr, mmx, sse, sse2, sse3, ssse3, sse4.1, sse4.2, popcnt, avx, avx2, aes, clmul, erms, lzcnt, ht, tsc, tscinvbit, bmi1, bmi2, fma
CPU Model and flags from /proc/cpuinfo:
model name	: Intel(R) Core(TM) i7-4500U CPU @ 1.80GHz
flags		: fpu vme de pse tsc msr pae mce cx8 apic sep mtrr pge mca cmov pat pse36 clflush dts acpi mmx fxsr sse sse2 ss ht tm pbe syscall nx pdpe1gb rdtscp lm constant_tsc arch_perfmon pebs bts rep_good nopl xtopology nonstop_tsc cpuid aperfmperf pni pclmulqdq dtes64 monitor ds_cpl vmx est tm2 ssse3 sdbg fma cx16 xtpr pdcm pcid sse4_1 sse4_2 movbe popcnt aes xsave avx f16c rdrand lahf_lm abm cpuid_fault epb invpcid_single pti tpr_shadow vnmi flexpriority ept vpid fsgsbase tsc_adjust bmi1 avx2 smep bmi2 erms invpcid xsaveopt dtherm ida arat pln pts

Memory: 4k page, physical 8049148k(1167040k free), swap 2097148k(2084860k free)

vm_info: OpenJDK 64-Bit Server VM (11.0.7+10-post-Ubuntu-2ubuntu218.04) for linux-amd64 JRE (11.0.7+10-post-Ubuntu-2ubuntu218.04), built on Apr 15 2020 21:12:54 by "unknown" with gcc 7.5.0

END.
